[=============================== NEW RUN ===============================]
[2024-12-08 16:36:34] Population Size: 200
[2024-12-08 16:36:34] Number of generations: 150
[2024-12-08 16:36:34] Number of workers: 4
[2024-12-08 16:36:34] Target Trajectory: [[7.1e+03 1.8e-01 9.0e-02 2.8e-02 7.7e+00 1.8e-02]]
[2024-12-08 16:36:34] Best Fitness (Numpy): -492.7527776367618
[2024-12-08 16:36:34] Best Fitness (NumExpr): -1414.1141539490989
[2024-12-08 16:36:34] Best Solution (Numpy): [ 7.78201760e+03 -1.91752117e-02  1.91800985e+00  4.76540874e+00
  2.59886497e+00  7.08627099e-01]
[2024-12-08 16:36:34] Best Solution (NumExpr): [7.47256086e+03 7.02330912e-02 4.89629267e-01 4.64957123e+00
 4.41682738e+00 5.91631085e+00]
[2024-12-08 16:36:34] Total Time: 117.5294713973999 seconds
[=============================== NEW RUN ===============================]
[2024-12-08 16:56:33] Population Size: 400
[2024-12-08 16:56:33] Number of generations: 350
[2024-12-08 16:56:33] Number of workers: 2
[2024-12-08 16:56:33] Target Trajectory: [[7.1e+03 1.8e-01 9.0e-02 2.8e-02 7.7e+00 1.8e-02]]
[2024-12-08 16:56:33] Best Fitness (NumExpr): -223.85664283199364
[2024-12-08 16:56:33] Best Solution (NumExpr): [ 7.21388152e+03 -9.66556031e-02  3.01781077e-01  2.59629868e+00
  4.69448659e+00  1.44768147e+00]
[2024-12-08 16:56:33] Total Time: 324.5098376274109 seconds
[2024-12-08 16:56:33] RMSE: 46.52381946943574
[2024-12-08 16:56:33] MAE: 20.22890795137903
[2024-12-08 16:56:33] MSE: 2164.465778024648
[2024-12-08 16:56:33] R-squared: 0.9996907126241007
[=============================== NEW RUN ===============================]
[2024-12-08 17:07:56] Population Size: 400
[2024-12-08 17:07:56] Number of generations: 200
[2024-12-08 17:07:56] Number of workers: 4
[2024-12-08 17:07:56] Target Trajectory: [[7.1e+03 1.8e-01 9.0e-02 2.8e-02 7.7e+00 1.8e-02]]
[2024-12-08 17:07:56] Best Fitness (NumExpr): -202.12100493562673
[2024-12-08 17:07:56] Best Solution (NumExpr): [ 7.02061145e+03  7.93715372e-02 -3.04023171e-01  2.65988915e+00
  4.35195874e+00  1.16781510e+00]
[2024-12-08 17:07:56] Total Time: 218.59407424926758 seconds
[2024-12-08 17:07:56] RMSE: 32.46065504151134
[2024-12-08 17:07:56] MAE: 14.502157026805989
[2024-12-08 17:07:56] MSE: 1053.6941257239953
[2024-12-08 17:07:56] R-squared: 0.9998494343063982
[=============================== NEW RUN ===============================]
[2024-12-08 17:12:03] Population Size: 100
[2024-12-08 17:12:03] Number of generations: 50
[2024-12-08 17:12:03] Number of workers: 4
[2024-12-08 17:12:03] Target Trajectory: [[7.1e+03 1.8e-01 9.0e-02 2.8e-02 7.7e+00 1.8e-02]]
[2024-12-08 17:12:03] Best Fitness (NumExpr): -540.1323784392094
[2024-12-08 17:12:03] Best Solution (NumExpr): [7.42891047e+03 8.85931573e-02 1.34717265e-01 2.98480386e+00
 4.75456427e+00 1.27612491e+00]
[2024-12-08 17:12:03] Total Time: 12.416289806365967 seconds
[2024-12-08 17:12:03] RMSE: 134.28893572812765
[2024-12-08 17:12:03] MAE: 56.03449329460301
[2024-12-08 17:12:03] MSE: 18033.518258993197
[2024-12-08 17:12:03] R-squared: 0.9974231334137115
