[=============================== NEW RUN ===============================]
[2024-12-08 17:24:20] Population Size: 50
[2024-12-08 17:24:20] Number of generations: 30
[2024-12-08 17:24:20] Best Fitness (NumExpr): -562.1969416074078
[2024-12-08 17:24:20] Best Solution (NumExpr): [ 7.60317343e+03 -1.04186062e-02 -5.21511952e-01  6.88587192e+00
  1.43772505e+00  1.09451728e+00]
[2024-12-08 17:24:20] Total Time: 3.6178364753723145 seconds
[2024-12-08 17:24:20] RMSE: 205.45531366758425
[2024-12-08 17:24:20] MAE: 86.36200399158429
[2024-12-08 17:24:20] MSE: 42211.88591424543
[2024-12-08 17:24:20] R-squared: 0.9939682098193792
[=============================== NEW RUN ===============================]
[2024-12-08 17:24:20] Population Size: 100
[2024-12-08 17:24:20] Number of generations: 50
[2024-12-08 17:24:20] Best Fitness (NumExpr): -687.8548153380419
[2024-12-08 17:24:20] Best Solution (NumExpr): [ 7.92888340e+03 -7.50137779e-03  1.64208341e+00  3.48626377e+00
  1.78911220e+00  4.49034278e+00]
[2024-12-08 17:24:20] Total Time: 12.119696855545044 seconds
[2024-12-08 17:24:20] RMSE: 338.4073086917517
[2024-12-08 17:24:20] MAE: 140.74408030843233
[2024-12-08 17:24:20] MSE: 114519.50657599453
[2024-12-08 17:24:20] R-squared: 0.9836359447038705
[=============================== NEW RUN ===============================]
[2024-12-08 17:24:20] Population Size: 200
[2024-12-08 17:24:20] Number of generations: 150
[2024-12-08 17:24:20] Best Fitness (NumExpr): -153.6520547987548
[2024-12-08 17:24:20] Best Solution (NumExpr): [ 7.16923949e+03 -2.17864925e-01 -3.62606502e-01  2.77621025e+00
  1.28285659e+00  4.49916185e+00]
[2024-12-08 17:24:20] Total Time: 71.69093632698059 seconds
[2024-12-08 17:24:20] RMSE: 28.470111217095326
[2024-12-08 17:24:20] MAE: 13.956079574672655
[2024-12-08 17:24:20] MSE: 810.5472327137771
[2024-12-08 17:24:20] R-squared: 0.9998841783366622
[=============================== NEW RUN ===============================]
[2024-12-08 17:24:20] Population Size: 400
[2024-12-08 17:24:20] Number of generations: 200
[2024-12-08 17:24:20] Best Fitness (NumExpr): -102.53113391948449
[2024-12-08 17:24:20] Best Solution (NumExpr): [7.42952033e+03 1.15339717e-01 1.49405550e-01 4.94824645e-01
 1.41633464e+00 1.05204625e+00]
[2024-12-08 17:24:20] Total Time: 192.70540595054626 seconds
[2024-12-08 17:24:20] RMSE: 134.55137180187938
[2024-12-08 17:24:20] MAE: 56.2381560303892
[2024-12-08 17:24:20] MSE: 18104.071653767583
[2024-12-08 17:24:20] R-squared: 0.9974130518154936
[=============================== NEW RUN ===============================]
[2024-12-08 17:24:21] Population Size: 50
[2024-12-08 17:24:21] Number of generations: 30
[2024-12-08 17:24:21] Best Fitness (NumExpr): -555.1781568594241
[2024-12-08 17:24:21] Best Solution (NumExpr): [7.72166305e+03 1.90857463e-01 2.33445743e+00 6.36973789e+00
 1.77182138e+00 1.21386073e+00]
[2024-12-08 17:24:21] Total Time: 3.6052958965301514 seconds
[2024-12-08 17:24:21] RMSE: 253.8197437844252
[2024-12-08 17:24:21] MAE: 106.23069002633179
[2024-12-08 17:24:21] MSE: 64424.46233479126
[2024-12-08 17:24:21] R-squared: 0.9907941843656971
[=============================== NEW RUN ===============================]
[2024-12-08 17:24:21] Population Size: 100
[2024-12-08 17:24:21] Number of generations: 50
[2024-12-08 17:24:21] Best Fitness (NumExpr): -456.28513263756963
[2024-12-08 17:24:21] Best Solution (NumExpr): [ 7.16328102e+03 -1.79740752e-01  2.93273735e+00  6.55515639e+00
  1.55341677e+00  1.05134599e+00]
[2024-12-08 17:24:21] Total Time: 12.265965938568115 seconds
[2024-12-08 17:24:21] RMSE: 26.121988395524053
[2024-12-08 17:24:21] MAE: 13.365096686631931
[2024-12-08 17:24:21] MSE: 682.3582777358934
[2024-12-08 17:24:21] R-squared: 0.9999024956627697
[=============================== NEW RUN ===============================]
[2024-12-08 17:24:21] Population Size: 200
[2024-12-08 17:24:21] Number of generations: 150
[2024-12-08 17:24:21] Best Fitness (NumExpr): -353.5159859653629
[2024-12-08 17:24:21] Best Solution (NumExpr): [ 7.49978779e+03  3.12660961e-02 -1.08207506e-01  6.10895806e+00
  1.17564926e+00  1.43852645e+00]
[2024-12-08 17:24:21] Total Time: 72.03663754463196 seconds
[2024-12-08 17:24:21] RMSE: 163.25435418344776
[2024-12-08 17:24:21] MAE: 69.02676182271853
[2024-12-08 17:24:21] MSE: 26651.984159854608
[2024-12-08 17:24:21] R-squared: 0.9961916135025083
[=============================== NEW RUN ===============================]
[2024-12-08 17:24:21] Population Size: 400
[2024-12-08 17:24:21] Number of generations: 200
[2024-12-08 17:24:21] Best Fitness (NumExpr): -178.2612513396006
[2024-12-08 17:24:21] Best Solution (NumExpr): [ 7.12610029e+03 -7.51119743e-02 -5.63896279e-01  2.76267767e+00
  4.22855376e+00  1.72581246e+00]
[2024-12-08 17:24:21] Total Time: 193.40421795845032 seconds
[2024-12-08 17:24:21] RMSE: 10.833311280128292
[2024-12-08 17:24:21] MAE: 5.820539022520072
[2024-12-08 17:24:21] MSE: 117.36063329215489
[2024-12-08 17:24:21] R-squared: 0.9999832299671017
[=============================== NEW RUN ===============================]
[2024-12-08 17:24:22] Population Size: 50
[2024-12-08 17:24:22] Number of generations: 30
[2024-12-08 17:24:22] Best Fitness (NumExpr): -1352.3214498931163
[2024-12-08 17:24:22] Best Solution (NumExpr): [ 7.33376371e+03 -2.74387919e-02  8.85152259e-01  2.73240591e+00
  5.15680172e+00  1.25418958e+00]
[2024-12-08 17:24:22] Total Time: 3.6693897247314453 seconds
[2024-12-08 17:24:22] RMSE: 95.44759027020082
[2024-12-08 17:24:22] MAE: 40.20834831303272
[2024-12-08 17:24:22] MSE: 9110.242488388134
[2024-12-08 17:24:22] R-squared: 0.9986982085733822
[=============================== NEW RUN ===============================]
[2024-12-08 17:24:22] Population Size: 100
[2024-12-08 17:24:22] Number of generations: 50
[2024-12-08 17:24:22] Best Fitness (NumExpr): -305.763471438367
[2024-12-08 17:24:22] Best Solution (NumExpr): [ 7.26393879e+03 -1.54558365e-02 -7.55971387e-02  3.05542241e+00
  4.10979441e+00  1.39758635e+00]
[2024-12-08 17:24:22] Total Time: 12.196855783462524 seconds
[2024-12-08 17:24:22] RMSE: 66.95763756662154
[2024-12-08 17:24:22] MAE: 28.716176605664298
[2024-12-08 17:24:22] MSE: 4483.325228503049
[2024-12-08 17:24:22] R-squared: 0.9993593634469506
[=============================== NEW RUN ===============================]
[2024-12-08 17:24:22] Population Size: 200
[2024-12-08 17:24:22] Number of generations: 150
[2024-12-08 17:24:22] Best Fitness (NumExpr): -227.5867234463794
[2024-12-08 17:24:22] Best Solution (NumExpr): [ 7.59404496e+03 -2.92232952e-01  3.15182190e+00  2.68138926e+00
  1.29601144e+00  4.38425668e+00]
[2024-12-08 17:24:22] Total Time: 71.93229508399963 seconds
[2024-12-08 17:24:22] RMSE: 201.72470369935897
[2024-12-08 17:24:22] MAE: 85.16710830855372
[2024-12-08 17:24:22] MSE: 40692.856082594175
[2024-12-08 17:24:22] R-squared: 0.9941852688070122
[=============================== NEW RUN ===============================]
[2024-12-08 17:24:22] Population Size: 400
[2024-12-08 17:24:22] Number of generations: 200
[2024-12-08 17:24:22] Best Fitness (NumExpr): -220.91686755863861
[2024-12-08 17:24:22] Best Solution (NumExpr): [ 7.38397772e+03 -2.77730044e-02  3.65287819e+00  2.46280172e+00
  8.23255844e-01  4.44631312e+00]
[2024-12-08 17:24:22] Total Time: 193.77968192100525 seconds
[2024-12-08 17:24:22] RMSE: 115.99490880154767
[2024-12-08 17:24:22] MAE: 50.248039143337316
[2024-12-08 17:24:22] MSE: 13454.818867879361
[2024-12-08 17:24:22] R-squared: 0.9980773982831713
[=============================== NEW RUN ===============================]
[2024-12-08 17:24:23] Population Size: 50
[2024-12-08 17:24:23] Number of generations: 30
[2024-12-08 17:24:23] Best Fitness (NumExpr): -374.64980842283626
[2024-12-08 17:24:23] Best Solution (NumExpr): [7.64571758e+03 3.11655283e-01 2.02474956e-01 2.93274268e+00
 5.45539709e+00 1.05161462e+00]
[2024-12-08 17:24:23] Total Time: 3.6733880043029785 seconds
[2024-12-08 17:24:23] RMSE: 222.79371953591755
[2024-12-08 17:24:23] MAE: 92.02411136780627
[2024-12-08 17:24:23] MSE: 49637.04146464909
[2024-12-08 17:24:23] R-squared: 0.9929072058066826
[=============================== NEW RUN ===============================]
[2024-12-08 17:24:23] Population Size: 100
[2024-12-08 17:24:23] Number of generations: 50
[2024-12-08 17:24:23] Best Fitness (NumExpr): -571.4584539438781
[2024-12-08 17:24:23] Best Solution (NumExpr): [ 7.23662886e+03 -2.08293322e-02  4.18079812e-01  2.87093867e+00
  4.57972039e+00  1.38482765e+00]
[2024-12-08 17:24:23] Total Time: 12.269461393356323 seconds
[2024-12-08 17:24:23] RMSE: 55.80812240660542
[2024-12-08 17:24:23] MAE: 24.08130198983191
[2024-12-08 17:24:23] MSE: 3114.546526550654
[2024-12-08 17:24:23] R-squared: 0.9995549525743981
[=============================== NEW RUN ===============================]
[2024-12-08 17:24:23] Population Size: 200
[2024-12-08 17:24:23] Number of generations: 150
[2024-12-08 17:24:23] Best Fitness (NumExpr): -165.27851318997028
[2024-12-08 17:24:23] Best Solution (NumExpr): [7.35502856e+03 4.30262087e-02 2.85507177e+00 5.85373885e-02
 1.21826572e+00 1.80182052e+00]
[2024-12-08 17:24:23] Total Time: 72.56830906867981 seconds
[2024-12-08 17:24:23] RMSE: 104.15727326648754
[2024-12-08 17:24:23] MAE: 44.37111590533285
[2024-12-08 17:24:23] MSE: 10848.73757430976
[2024-12-08 17:24:23] R-squared: 0.9984497894999103
[=============================== NEW RUN ===============================]
[2024-12-08 17:24:23] Population Size: 400
[2024-12-08 17:24:23] Number of generations: 200
[2024-12-08 17:24:23] Best Fitness (NumExpr): -146.74597465199827
[2024-12-08 17:24:23] Best Solution (NumExpr): [ 7.29597732e+03 -1.91059117e-01  7.12561707e-02  3.42905668e+00
  1.45327006e+00  4.34072304e+00]
[2024-12-08 17:24:23] Total Time: 194.82533502578735 seconds
[2024-12-08 17:24:23] RMSE: 80.0796699126146
[2024-12-08 17:24:23] MAE: 35.056271443113154
[2024-12-08 17:24:23] MSE: 6412.753533313313
[2024-12-08 17:24:23] R-squared: 0.9990836613206157
[=============================== NEW RUN ===============================]
[2024-12-08 17:30:21] Population Size: 50
[2024-12-08 17:30:21] Number of generations: 30
[2024-12-08 17:30:21] Best Fitness (NumExpr): -513.5351690117642
[2024-12-08 17:30:21] Best Solution (NumExpr): [ 7.20740570e+03 -1.02159523e-01  1.71339458e+00 -2.48846608e-01
  4.03830577e+00  4.55183711e+00]
[2024-12-08 17:30:21] Total Time: 3.6210923194885254 seconds
[2024-12-08 17:30:21] RMSE: 43.9179914036566
[2024-12-08 17:30:21] MAE: 19.630605396041414
[2024-12-08 17:30:21] MSE: 1928.7899689316553
[2024-12-08 17:30:21] R-squared: 0.9997243890875022
[=============================== NEW RUN ===============================]
[2024-12-08 17:30:21] Population Size: 100
[2024-12-08 17:30:21] Number of generations: 50
[2024-12-08 17:30:21] Best Fitness (NumExpr): -588.4764029185676
[2024-12-08 17:30:21] Best Solution (NumExpr): [ 7.44143938e+03  1.06412610e-01  2.95088222e+00 -2.33821122e-01
  4.78675202e+00  4.17887078e+00]
[2024-12-08 17:30:21] Total Time: 13.289896249771118 seconds
[2024-12-08 17:30:21] RMSE: 139.41240301597412
[2024-12-08 17:30:21] MAE: 58.61829825021851
[2024-12-08 17:30:21] MSE: 19435.818114688387
[2024-12-08 17:30:21] R-squared: 0.9972227543423511
[=============================== NEW RUN ===============================]
[2024-12-08 17:30:21] Population Size: 200
[2024-12-08 17:30:21] Number of generations: 150
[2024-12-08 17:30:21] Best Fitness (NumExpr): -443.7649170847933
[2024-12-08 17:30:21] Best Solution (NumExpr): [ 7.44241488e+03 -1.91665649e-01  3.16816753e+00  5.13360454e+00
  8.73337453e-01  1.03643108e+00]
[2024-12-08 17:30:21] Total Time: 85.25493788719177 seconds
[2024-12-08 17:30:21] RMSE: 139.83995264366874
[2024-12-08 17:30:21] MAE: 59.80256931686072
[2024-12-08 17:30:21] MSE: 19555.21235538351
[2024-12-08 17:30:21] R-squared: 0.9972056937208449
[=============================== NEW RUN ===============================]
[2024-12-08 17:30:21] Population Size: 400
[2024-12-08 17:30:21] Number of generations: 200
[2024-12-08 17:30:21] Best Fitness (NumExpr): -316.5460410489162
[2024-12-08 17:30:21] Best Solution (NumExpr): [ 7.37192230e+03 -1.27806373e-01  9.21458392e-02  6.28114175e+00
  4.39251689e+00  4.17599150e+00]
[2024-12-08 17:30:21] Total Time: 191.4681522846222 seconds
[2024-12-08 17:30:21] RMSE: 111.06241771758714
[2024-12-08 17:30:21] MAE: 47.658478608431174
[2024-12-08 17:30:21] MSE: 12334.860629275814
[2024-12-08 17:30:21] R-squared: 0.998237432665905
[=============================== NEW RUN ===============================]
[2024-12-08 17:30:22] Population Size: 50
[2024-12-08 17:30:22] Number of generations: 30
[2024-12-08 17:30:22] Best Fitness (NumExpr): -366.0915494004076
[2024-12-08 17:30:22] Best Solution (NumExpr): [ 7.14209870e+03 -1.76472041e-02  3.08971903e+00  4.43336413e+00
  2.46321552e+00  4.23356996e+00]
[2024-12-08 17:30:22] Total Time: 3.6085848808288574 seconds
[2024-12-08 17:30:22] RMSE: 17.540146538447367
[2024-12-08 17:30:22] MAE: 9.858964823889718
[2024-12-08 17:30:22] MSE: 307.6567405902071
[2024-12-08 17:30:22] R-squared: 0.9999560379531333
[=============================== NEW RUN ===============================]
[2024-12-08 17:30:22] Population Size: 100
[2024-12-08 17:30:22] Number of generations: 50
[2024-12-08 17:30:22] Best Fitness (NumExpr): -443.65879993558104
[2024-12-08 17:30:22] Best Solution (NumExpr): [ 7.24209301e+03 -2.99335824e-01  3.16461775e+00  5.78922666e+00
  4.30142680e+00  4.65453543e+00]
[2024-12-08 17:30:22] Total Time: 13.19512152671814 seconds
[2024-12-08 17:30:22] RMSE: 58.1181946891767
[2024-12-08 17:30:22] MAE: 26.573883907742893
[2024-12-08 17:30:22] MSE: 3377.7245539290466
[2024-12-08 17:30:22] R-squared: 0.99951734623185
[=============================== NEW RUN ===============================]
[2024-12-08 17:30:22] Population Size: 200
[2024-12-08 17:30:22] Number of generations: 150
[2024-12-08 17:30:22] Best Fitness (NumExpr): -466.57518991303067
[2024-12-08 17:30:22] Best Solution (NumExpr): [ 7.34315141e+03 -1.55486002e-02  3.17264860e+00  1.04314806e-01
  4.87199920e+00  4.77098955e+00]
[2024-12-08 17:30:22] Total Time: 85.60668301582336 seconds
[2024-12-08 17:30:22] RMSE: 99.29983319608283
[2024-12-08 17:30:22] MAE: 42.34781796144763
[2024-12-08 17:30:22] MSE: 9860.456872769873
[2024-12-08 17:30:22] R-squared: 0.9985910080619843
[=============================== NEW RUN ===============================]
[2024-12-08 17:30:22] Population Size: 400
[2024-12-08 17:30:22] Number of generations: 200
[2024-12-08 17:30:22] Best Fitness (NumExpr): -441.5595476320857
[2024-12-08 17:30:22] Best Solution (NumExpr): [7.19160249e+03 1.53743606e-01 3.60621387e+00 6.06381608e+00
 1.40874929e+00 1.29087451e+00]
[2024-12-08 17:30:22] Total Time: 191.46118068695068 seconds
[2024-12-08 17:30:22] RMSE: 37.59656767550006
[2024-12-08 17:30:22] MAE: 18.124149950986375
[2024-12-08 17:30:22] MSE: 1413.5019009784562
[2024-12-08 17:30:22] R-squared: 0.999798020232881
[=============================== NEW RUN ===============================]
[2024-12-08 17:30:22] Population Size: 50
[2024-12-08 17:30:22] Number of generations: 30
[2024-12-08 17:30:22] Best Fitness (NumExpr): -378.1097128378707
[2024-12-08 17:30:22] Best Solution (NumExpr): [ 7.24945303e+03 -1.24280672e-01  2.98149663e+00  6.24257992e+00
  1.08973073e+00  1.52401946e+00]
[2024-12-08 17:30:22] Total Time: 3.6294777393341064 seconds
[2024-12-08 17:30:22] RMSE: 61.14088434818069
[2024-12-08 17:30:22] MAE: 27.829946080848277
[2024-12-08 17:30:22] MSE: 3738.2077388776065
[2024-12-08 17:30:22] R-squared: 0.9994658356469007
[=============================== NEW RUN ===============================]
[2024-12-08 17:30:22] Population Size: 100
[2024-12-08 17:30:22] Number of generations: 50
[2024-12-08 17:30:22] Best Fitness (NumExpr): -461.9872183832558
[2024-12-08 17:30:22] Best Solution (NumExpr): [ 7.39815762e+03 -9.48754306e-02  2.89307249e+00  6.41423480e+00
  4.53989951e+00  4.44820543e+00]
[2024-12-08 17:30:22] Total Time: 13.383630752563477 seconds
[2024-12-08 17:30:22] RMSE: 121.77595454666776
[2024-12-08 17:30:22] MAE: 52.53535215056587
[2024-12-08 17:30:22] MSE: 14829.383105752093
[2024-12-08 17:30:22] R-squared: 0.9978809824421573
[=============================== NEW RUN ===============================]
[2024-12-08 17:30:22] Population Size: 200
[2024-12-08 17:30:22] Number of generations: 150
[2024-12-08 17:30:22] Best Fitness (NumExpr): -312.69395187880394
[2024-12-08 17:30:22] Best Solution (NumExpr): [ 7.59635337e+03 -1.96617611e-01  2.57979295e+00 -2.37421214e-02
  4.85902091e+00  4.18650053e+00]
[2024-12-08 17:30:22] Total Time: 85.6904935836792 seconds
[2024-12-08 17:30:22] RMSE: 202.6484897289769
[2024-12-08 17:30:22] MAE: 84.38016760172772
[2024-12-08 17:30:22] MSE: 41066.41038943526
[2024-12-08 17:30:22] R-squared: 0.9941318904480232
[=============================== NEW RUN ===============================]
[2024-12-08 17:30:22] Population Size: 400
[2024-12-08 17:30:22] Number of generations: 200
[2024-12-08 17:30:22] Best Fitness (NumExpr): -287.56056125617437
[2024-12-08 17:30:22] Best Solution (NumExpr): [ 7.80144423e+03 -6.68082412e-02  3.40917269e+00  3.00555013e+00
  1.44691562e+00  4.58796633e+00]
[2024-12-08 17:30:22] Total Time: 191.909405708313 seconds
[2024-12-08 17:30:22] RMSE: 286.38666752458556
[2024-12-08 17:30:22] MAE: 119.80180231073417
[2024-12-08 17:30:22] MSE: 82017.32333583751
[2024-12-08 17:30:22] R-squared: 0.9882802846917826
[=============================== NEW RUN ===============================]
[2024-12-08 17:30:23] Population Size: 50
[2024-12-08 17:30:23] Number of generations: 30
[2024-12-08 17:30:23] Best Fitness (NumExpr): -1254.79043774661
[2024-12-08 17:30:23] Best Solution (NumExpr): [7.24336623e+03 1.61945303e-01 2.24554359e+00 3.00272484e+00
 1.05839638e+00 4.31351692e+00]
[2024-12-08 17:30:23] Total Time: 3.6765661239624023 seconds
[2024-12-08 17:30:23] RMSE: 58.63720959796064
[2024-12-08 17:30:23] MAE: 26.57527902808184
[2024-12-08 17:30:23] MSE: 3438.3223494351673
[2024-12-08 17:30:23] R-squared: 0.9995086872207685
[=============================== NEW RUN ===============================]
[2024-12-08 17:30:23] Population Size: 100
[2024-12-08 17:30:23] Number of generations: 50
[2024-12-08 17:30:23] Best Fitness (NumExpr): -287.28779870589256
[2024-12-08 17:30:23] Best Solution (NumExpr): [7.23782508e+03 1.73946757e-01 3.19646907e+00 2.64688284e+00
 4.08725574e+00 1.38681079e+00]
[2024-12-08 17:30:23] Total Time: 13.514366149902344 seconds
[2024-12-08 17:30:23] RMSE: 56.313388589002386
[2024-12-08 17:30:23] MAE: 24.756339689534943
[2024-12-08 17:30:23] MSE: 3171.197734375984
[2024-12-08 17:30:23] R-squared: 0.9995468575037402
[=============================== NEW RUN ===============================]
[2024-12-08 17:30:23] Population Size: 200
[2024-12-08 17:30:23] Number of generations: 150
[2024-12-08 17:30:23] Best Fitness (NumExpr): -283.09730992992377
[2024-12-08 17:30:23] Best Solution (NumExpr): [7.35879153e+03 4.46946870e-02 3.82157611e+00 6.11423930e+00
 4.31054692e+00 4.11481596e+00]
[2024-12-08 17:30:23] Total Time: 85.93322372436523 seconds
[2024-12-08 17:30:23] RMSE: 105.71369799615847
[2024-12-08 17:30:23] MAE: 46.03848730253433
[2024-12-08 17:30:23] MSE: 11175.385944023
[2024-12-08 17:30:23] R-squared: 0.998403113678959
[=============================== NEW RUN ===============================]
[2024-12-08 17:30:23] Population Size: 400
[2024-12-08 17:30:23] Number of generations: 200
[2024-12-08 17:30:23] Best Fitness (NumExpr): -321.42183900052015
[2024-12-08 17:30:23] Best Solution (NumExpr): [ 7.10845941e+03  5.15112474e-02  7.83128421e-02 -6.72902118e-01
  4.39138303e+00  4.65552206e+00]
[2024-12-08 17:30:23] Total Time: 191.705322265625 seconds
[2024-12-08 17:30:23] RMSE: 4.173788386599994
[2024-12-08 17:30:23] MAE: 2.8744375732269134
[2024-12-08 17:30:23] MSE: 17.42050949611698
[2024-12-08 17:30:23] R-squared: 0.999997510728179
[=============================== NEW RUN ===============================]
[2024-12-08 17:35:42] Population Size: 50
[2024-12-08 17:35:42] Number of generations: 30
[2024-12-08 17:35:42] Best Fitness (NumExpr): -1508.9530383596743
[2024-12-08 17:35:42] Best Solution (NumExpr): [ 7.57912576e+03 -3.67539039e-02  1.47277530e+00 -2.88434346e-01
  4.68687871e+00  3.94723658e+00]
[2024-12-08 17:35:42] Total Time: 3.6405744552612305 seconds
[2024-12-08 17:35:42] RMSE: 195.61359562139424
[2024-12-08 17:35:42] MAE: 81.33068056198086
[2024-12-08 17:35:42] MSE: 38264.678791930346
[2024-12-08 17:35:42] R-squared: 0.9945322387568596
[=============================== NEW RUN ===============================]
[2024-12-08 17:35:42] Population Size: 100
[2024-12-08 17:35:42] Number of generations: 50
[2024-12-08 17:35:42] Best Fitness (NumExpr): -476.8514454972457
[2024-12-08 17:35:42] Best Solution (NumExpr): [ 7.64929039e+03 -1.52065441e-01  2.62281571e+00  6.21844694e+00
  4.68172001e+00  4.32721379e+00]
[2024-12-08 17:35:42] Total Time: 12.299295902252197 seconds
[2024-12-08 17:35:42] RMSE: 224.27381465432012
[2024-12-08 17:35:42] MAE: 94.27886935904887
[2024-12-08 17:35:42] MSE: 50298.74393960034
[2024-12-08 17:35:42] R-squared: 0.9928126530425864
[=============================== NEW RUN ===============================]
[2024-12-08 17:35:42] Population Size: 200
[2024-12-08 17:35:42] Number of generations: 150
[2024-12-08 17:35:42] Best Fitness (NumExpr): -376.6393167510481
[2024-12-08 17:35:42] Best Solution (NumExpr): [ 7.26993071e+03 -2.89284893e-02  3.04429286e+00  3.65649066e+00
  1.91581604e+00  4.52398388e+00]
[2024-12-08 17:35:42] Total Time: 71.37316870689392 seconds
[2024-12-08 17:35:42] RMSE: 69.46479084009448
[2024-12-08 17:35:42] MAE: 31.16876432648404
[2024-12-08 17:35:42] MSE: 4825.357166458073
[2024-12-08 17:35:42] R-squared: 0.9993104894191708
[=============================== NEW RUN ===============================]
[2024-12-08 17:35:42] Population Size: 400
[2024-12-08 17:35:42] Number of generations: 200
[2024-12-08 17:35:42] Best Fitness (NumExpr): -201.92069359364294
[2024-12-08 17:35:42] Best Solution (NumExpr): [7.20675489e+03 4.14442690e-01 2.69426096e-01 6.55982294e+00
 3.65673014e+00 5.01588492e+00]
[2024-12-08 17:35:42] Total Time: 190.53204131126404 seconds
[2024-12-08 17:35:42] RMSE: 43.74297145475615
[2024-12-08 17:35:42] MAE: 20.456956099837758
[2024-12-08 17:35:42] MSE: 1913.4475516916116
[2024-12-08 17:35:42] R-squared: 0.9997265814141336
[=============================== NEW RUN ===============================]
[2024-12-08 17:35:43] Population Size: 50
[2024-12-08 17:35:43] Number of generations: 30
[2024-12-08 17:35:43] Best Fitness (NumExpr): -671.8835711265175
[2024-12-08 17:35:43] Best Solution (NumExpr): [7.67231538e+03 2.35376515e-01 1.15464431e+00 3.27447155e+00
 4.97864799e+00 1.12718665e+00]
[2024-12-08 17:35:43] Total Time: 3.7272095680236816 seconds
[2024-12-08 17:35:43] RMSE: 233.6540193061808
[2024-12-08 17:35:43] MAE: 96.75206822705239
[2024-12-08 17:35:43] MSE: 54594.20073793311
[2024-12-08 17:35:43] R-squared: 0.9921988616050255
[=============================== NEW RUN ===============================]
[2024-12-08 17:35:43] Population Size: 100
[2024-12-08 17:35:43] Number of generations: 50
[2024-12-08 17:35:43] Best Fitness (NumExpr): -314.12821720834967
[2024-12-08 17:35:43] Best Solution (NumExpr): [ 7.32237894e+03 -3.90308733e-01  3.13230055e+00  2.31729047e+00
  5.49202963e-01  4.23214634e+00]
[2024-12-08 17:35:43] Total Time: 12.41000747680664 seconds
[2024-12-08 17:35:43] RMSE: 90.86263139056253
[2024-12-08 17:35:43] MAE: 39.94096352642038
[2024-12-08 17:35:43] MSE: 8256.01778321724
[2024-12-08 17:35:43] R-squared: 0.9988202714492073
[=============================== NEW RUN ===============================]
[2024-12-08 17:35:43] Population Size: 200
[2024-12-08 17:35:43] Number of generations: 150
[2024-12-08 17:35:43] Best Fitness (NumExpr): -341.77070697823086
[2024-12-08 17:35:43] Best Solution (NumExpr): [7.07750463e+03 3.20444210e-01 1.67970692e-01 7.03083743e+00
 1.09468638e+00 1.49431977e+00]
[2024-12-08 17:35:43] Total Time: 71.65156483650208 seconds
[2024-12-08 17:35:43] RMSE: 10.007638122695546
[2024-12-08 17:35:43] MAE: 6.299709395949382
[2024-12-08 17:35:43] MSE: 100.15282079482922
[2024-12-08 17:35:43] R-squared: 0.9999856888459744
[=============================== NEW RUN ===============================]
[2024-12-08 17:35:43] Population Size: 400
[2024-12-08 17:35:43] Number of generations: 200
[2024-12-08 17:35:43] Best Fitness (NumExpr): -207.59063889371546
[2024-12-08 17:35:43] Best Solution (NumExpr): [ 7.31308886e+03 -1.90139320e-01  3.58437239e+00  2.99819928e+00
  1.21798378e+00  4.29031954e+00]
[2024-12-08 17:35:43] Total Time: 190.96828722953796 seconds
[2024-12-08 17:35:43] RMSE: 87.07113867832487
[2024-12-08 17:35:43] MAE: 38.44631697566777
[2024-12-08 17:35:43] MSE: 7581.383190740081
[2024-12-08 17:35:43] R-squared: 0.9989166721245687
[=============================== NEW RUN ===============================]
[2024-12-08 17:35:44] Population Size: 50
[2024-12-08 17:35:44] Number of generations: 30
[2024-12-08 17:35:44] Best Fitness (NumExpr): -592.4606585540786
[2024-12-08 17:35:44] Best Solution (NumExpr): [ 7.69330281e+03 -1.15483724e-01  1.93118512e+00  6.55794723e+00
  1.07374015e+00  1.62959220e+00]
[2024-12-08 17:35:44] Total Time: 3.6941604614257812 seconds
[2024-12-08 17:35:44] RMSE: 242.24672095778328
[2024-12-08 17:35:44] MAE: 101.70121253082131
[2024-12-08 17:35:44] MSE: 58683.47381479811
[2024-12-08 17:35:44] R-squared: 0.9916145324129817
[=============================== NEW RUN ===============================]
[2024-12-08 17:35:44] Population Size: 100
[2024-12-08 17:35:44] Number of generations: 50
[2024-12-08 17:35:44] Best Fitness (NumExpr): -913.5546319920473
[2024-12-08 17:35:44] Best Solution (NumExpr): [7.13336084e+03 8.04162615e-02 1.22063892e+00 6.51705231e+00
 1.00407737e+00 1.47588713e+00]
[2024-12-08 17:35:44] Total Time: 12.418453216552734 seconds
[2024-12-08 17:35:44] RMSE: 14.161583068515565
[2024-12-08 17:35:44] MAE: 8.205654343724051
[2024-12-08 17:35:44] MSE: 200.55043500646673
[2024-12-08 17:35:44] R-squared: 0.9999713427126414
[=============================== NEW RUN ===============================]
[2024-12-08 17:35:44] Population Size: 200
[2024-12-08 17:35:44] Number of generations: 150
[2024-12-08 17:35:44] Best Fitness (NumExpr): -352.15811163639404
[2024-12-08 17:35:44] Best Solution (NumExpr): [ 7.16985499e+03 -3.94145847e-03  2.82806554e+00  3.97356747e-01
  1.60839420e+00  1.54137032e+00]
[2024-12-08 17:35:44] Total Time: 71.61140966415405 seconds
[2024-12-08 17:35:44] RMSE: 28.655469905308358
[2024-12-08 17:35:44] MAE: 13.4602222703263
[2024-12-08 17:35:44] MSE: 821.135955494033
[2024-12-08 17:35:44] R-squared: 0.9998826652805003
[=============================== NEW RUN ===============================]
[2024-12-08 17:35:44] Population Size: 400
[2024-12-08 17:35:44] Number of generations: 200
[2024-12-08 17:35:44] Best Fitness (NumExpr): -328.4846631499226
[2024-12-08 17:35:44] Best Solution (NumExpr): [ 7.54829535e+03 -4.03950827e-01  3.04905708e+00  5.54370590e+00
  4.37829837e+00  4.02834868e+00]
[2024-12-08 17:35:44] Total Time: 192.25604104995728 seconds
[2024-12-08 17:35:44] RMSE: 183.04615022228535
[2024-12-08 17:35:44] MAE: 77.44768590973673
[2024-12-08 17:35:44] MSE: 33505.89311119945
[2024-12-08 17:35:44] R-squared: 0.9952122367270765
[=============================== NEW RUN ===============================]
[2024-12-08 17:35:45] Population Size: 50
[2024-12-08 17:35:45] Number of generations: 30
[2024-12-08 17:35:45] Best Fitness (NumExpr): -1014.7297785602027
[2024-12-08 17:35:45] Best Solution (NumExpr): [ 7.22502875e+03  1.76959895e-01 -6.95652675e-02  4.97212496e+00
  2.75934246e+00  1.47673066e+00]
[2024-12-08 17:35:45] Total Time: 3.6656270027160645 seconds
[2024-12-08 17:35:45] RMSE: 51.125982727866564
[2024-12-08 17:35:45] MAE: 22.75581175460709
[2024-12-08 17:35:45] MSE: 2613.8661098901102
[2024-12-08 17:35:45] R-squared: 0.9996264963861808
[=============================== NEW RUN ===============================]
[2024-12-08 17:35:45] Population Size: 100
[2024-12-08 17:35:45] Number of generations: 50
[2024-12-08 17:35:45] Best Fitness (NumExpr): -519.738549652174
[2024-12-08 17:35:45] Best Solution (NumExpr): [ 7.23849800e+03 -1.72037562e-01  3.33000553e+00  6.61429200e-01
  5.31003199e+00  4.12123209e+00]
[2024-12-08 17:35:45] Total Time: 12.41390609741211 seconds
[2024-12-08 17:35:45] RMSE: 56.591027886335326
[2024-12-08 17:35:45] MAE: 24.86944501319461
[2024-12-08 17:35:45] MSE: 3202.544437231982
[2024-12-08 17:35:45] R-squared: 0.9995423782740069
[=============================== NEW RUN ===============================]
[2024-12-08 17:35:45] Population Size: 200
[2024-12-08 17:35:45] Number of generations: 150
[2024-12-08 17:35:45] Best Fitness (NumExpr): -336.28334217665923
[2024-12-08 17:35:45] Best Solution (NumExpr): [ 7.11575738e+03  1.78745439e-01  2.62749748e+00 -1.84398519e-01
  3.50063748e+00  5.04288209e+00]
[2024-12-08 17:35:45] Total Time: 72.33772873878479 seconds
[2024-12-08 17:35:45] RMSE: 7.043472105537482
[2024-12-08 17:35:45] MAE: 4.6221285475409
[2024-12-08 17:35:45] MSE: 49.610499301484616
[2024-12-08 17:35:45] R-squared: 0.9999929109985005
[=============================== NEW RUN ===============================]
[2024-12-08 17:35:45] Population Size: 400
[2024-12-08 17:35:45] Number of generations: 200
[2024-12-08 17:35:45] Best Fitness (NumExpr): -234.9994205369579
[2024-12-08 17:35:45] Best Solution (NumExpr): [ 7.40817433e+03 -4.43548799e-02 -5.81346730e-01  2.74467274e+00
  5.21454605e+00  1.22125648e+00]
[2024-12-08 17:35:45] Total Time: 192.08467626571655 seconds
[2024-12-08 17:35:45] RMSE: 125.82191335161404
[2024-12-08 17:35:45] MAE: 52.57923551191431
[2024-12-08 17:35:45] MSE: 15831.153879461073
[2024-12-08 17:35:45] R-squared: 0.9977378362409104
[=============================== NEW RUN ===============================]
[2024-12-08 17:40:35] Population Size: 50
[2024-12-08 17:40:35] Number of generations: 30
[2024-12-08 17:40:35] Best Fitness (NumExpr): -1309.1533923399074
[2024-12-08 17:40:35] Best Solution (NumExpr): [ 7.26735796e+03 -2.17852581e-01  2.30675310e+00  6.15067406e+00
  1.32827540e+00  1.51586200e+00]
[2024-12-08 17:40:35] Total Time: 3.764336347579956 seconds
[2024-12-08 17:40:35] RMSE: 68.42768708287169
[2024-12-08 17:40:35] MAE: 30.66080513413712
[2024-12-08 17:40:35] MSE: 4682.348359511404
[2024-12-08 17:40:35] R-squared: 0.9993309244009017
[=============================== NEW RUN ===============================]
[2024-12-08 17:40:35] Population Size: 100
[2024-12-08 17:40:35] Number of generations: 50
[2024-12-08 17:40:35] Best Fitness (NumExpr): -553.8324286488203
[2024-12-08 17:40:35] Best Solution (NumExpr): [ 7.47933127e+03  1.50777359e-01  7.22147957e-01 -6.18658680e-02
  4.76201065e+00  4.37156918e+00]
[2024-12-08 17:40:35] Total Time: 12.174913883209229 seconds
[2024-12-08 17:40:35] RMSE: 154.87640560247837
[2024-12-08 17:40:35] MAE: 64.56234411859663
[2024-12-08 17:40:35] MSE: 23986.70101234339
[2024-12-08 17:40:35] R-squared: 0.9965724642598137
[=============================== NEW RUN ===============================]
[2024-12-08 17:40:35] Population Size: 200
[2024-12-08 17:40:35] Number of generations: 150
[2024-12-08 17:40:35] Best Fitness (NumExpr): -378.48385654635456
[2024-12-08 17:40:35] Best Solution (NumExpr): [ 7.46085688e+03 -1.95210803e-02 -6.82181339e-02  3.73433153e+00
  1.18649929e+00  4.14747340e+00]
[2024-12-08 17:40:35] Total Time: 70.86636757850647 seconds
[2024-12-08 17:40:35] RMSE: 147.36065179465638
[2024-12-08 17:40:35] MAE: 62.59398802195174
[2024-12-08 17:40:35] MSE: 21715.16169734596
[2024-12-08 17:40:35] R-squared: 0.9968970517128105
[=============================== NEW RUN ===============================]
[2024-12-08 17:40:35] Population Size: 400
[2024-12-08 17:40:35] Number of generations: 200
[2024-12-08 17:40:35] Best Fitness (NumExpr): -148.49714462735542
[2024-12-08 17:40:35] Best Solution (NumExpr): [ 7.40265421e+03  1.93684847e-01 -1.39578611e-01  6.30214624e+00
  1.32034475e+00  1.18565259e+00]
[2024-12-08 17:40:35] Total Time: 189.83574795722961 seconds
[2024-12-08 17:40:35] RMSE: 123.61300580247469
[2024-12-08 17:40:35] MAE: 52.78648769407179
[2024-12-08 17:40:35] MSE: 15280.17520352264
[2024-12-08 17:40:35] R-squared: 0.9978165673303957
[=============================== NEW RUN ===============================]
[2024-12-08 17:40:36] Population Size: 50
[2024-12-08 17:40:36] Number of generations: 30
[2024-12-08 17:40:36] Best Fitness (NumExpr): -1005.1560697674305
[2024-12-08 17:40:36] Best Solution (NumExpr): [7.14557113e+03 3.90798560e-03 2.57147667e-02 4.39245909e+00
 2.86706354e+00 1.29305637e+00]
[2024-12-08 17:40:36] Total Time: 3.9197394847869873 seconds
[2024-12-08 17:40:36] RMSE: 18.80068602235635
[2024-12-08 17:40:36] MAE: 9.380660212239905
[2024-12-08 17:40:36] MSE: 353.46579491122543
[2024-12-08 17:40:36] R-squared: 0.9999494921521568
[=============================== NEW RUN ===============================]
[2024-12-08 17:40:36] Population Size: 100
[2024-12-08 17:40:36] Number of generations: 50
[2024-12-08 17:40:36] Best Fitness (NumExpr): -472.8694075303425
[2024-12-08 17:40:36] Best Solution (NumExpr): [ 7.25553062e+03 -3.07003115e-01 -5.92454452e-03  5.26649130e+00
  1.71093178e+00  1.59931928e+00]
[2024-12-08 17:40:36] Total Time: 12.205227136611938 seconds
[2024-12-08 17:40:36] RMSE: 63.581748199137515
[2024-12-08 17:40:36] MAE: 28.15373816883984
[2024-12-08 17:40:36] MSE: 4042.6387040585264
[2024-12-08 17:40:36] R-squared: 0.9994223345413072
[=============================== NEW RUN ===============================]
[2024-12-08 17:40:36] Population Size: 200
[2024-12-08 17:40:36] Number of generations: 150
[2024-12-08 17:40:36] Best Fitness (NumExpr): -376.8497482236514
[2024-12-08 17:40:36] Best Solution (NumExpr): [7.29949027e+03 2.82779816e-01 3.21064726e+00 3.06102081e+00
 4.52123724e+00 1.25719737e+00]
[2024-12-08 17:40:36] Total Time: 71.3093912601471 seconds
[2024-12-08 17:40:36] RMSE: 81.47285573021905
[2024-12-08 17:40:36] MAE: 35.02744681126783
[2024-12-08 17:40:36] MSE: 6637.826220837087
[2024-12-08 17:40:36] R-squared: 0.9990514999708648
[=============================== NEW RUN ===============================]
[2024-12-08 17:40:36] Population Size: 400
[2024-12-08 17:40:36] Number of generations: 200
[2024-12-08 17:40:36] Best Fitness (NumExpr): -204.31167277624877
[2024-12-08 17:40:36] Best Solution (NumExpr): [ 7.16796818e+03 -1.11086025e-01 -6.93951762e-01 -1.12982918e-01
  1.49562532e+00  1.41216576e+00]
[2024-12-08 17:40:36] Total Time: 190.62180471420288 seconds
[2024-12-08 17:40:36] RMSE: 27.871225527026855
[2024-12-08 17:40:36] MAE: 12.797124296444059
[2024-12-08 17:40:36] MSE: 776.8052123783933
[2024-12-08 17:40:36] R-squared: 0.9998889998409027
[=============================== NEW RUN ===============================]
[2024-12-08 17:40:37] Population Size: 50
[2024-12-08 17:40:37] Number of generations: 30
[2024-12-08 17:40:37] Best Fitness (NumExpr): -1386.6313750641077
[2024-12-08 17:40:37] Best Solution (NumExpr): [7.15335996e+03 4.84464048e-02 2.77421936e+00 2.72261462e+00
 1.49791817e-01 5.27312718e+00]
[2024-12-08 17:40:37] Total Time: 3.850536584854126 seconds
[2024-12-08 17:40:37] RMSE: 22.159990493573297
[2024-12-08 17:40:37] MAE: 11.945947856116918
[2024-12-08 17:40:37] MSE: 491.06517867525895
[2024-12-08 17:40:37] R-squared: 0.9999298301400512
[=============================== NEW RUN ===============================]
[2024-12-08 17:40:37] Population Size: 100
[2024-12-08 17:40:37] Number of generations: 50
[2024-12-08 17:40:37] Best Fitness (NumExpr): -311.2455244256966
[2024-12-08 17:40:37] Best Solution (NumExpr): [7.48388543e+03 1.07390005e-01 3.31266588e+00 5.67762231e+00
 3.46193474e+00 4.49767864e+00]
[2024-12-08 17:40:37] Total Time: 12.024319171905518 seconds
[2024-12-08 17:40:37] RMSE: 156.76328285163763
[2024-12-08 17:40:37] MAE: 66.9246786685489
[2024-12-08 17:40:37] MSE: 24574.726850422547
[2024-12-08 17:40:37] R-squared: 0.9964884393838989
[=============================== NEW RUN ===============================]
[2024-12-08 17:40:37] Population Size: 200
[2024-12-08 17:40:37] Number of generations: 150
[2024-12-08 17:40:37] Best Fitness (NumExpr): -411.05409415922674
[2024-12-08 17:40:37] Best Solution (NumExpr): [ 7.77005311e+03 -7.25782611e-02  1.82437374e-01  2.26251804e-01
  1.35856539e+00  1.32738376e+00]
[2024-12-08 17:40:37] Total Time: 71.85025215148926 seconds
[2024-12-08 17:40:37] RMSE: 273.5608434485198
[2024-12-08 17:40:37] MAE: 113.04119933397983
[2024-12-08 17:40:37] MSE: 74835.53506826554
[2024-12-08 17:40:37] R-squared: 0.989306513182015
[=============================== NEW RUN ===============================]
[2024-12-08 17:40:37] Population Size: 400
[2024-12-08 17:40:37] Number of generations: 200
[2024-12-08 17:40:37] Best Fitness (NumExpr): -442.94354086013084
[2024-12-08 17:40:37] Best Solution (NumExpr): [7.83840337e+03 2.01913526e-01 3.22271753e+00 6.47166676e+00
 2.22811325e+00 1.02558812e+00]
[2024-12-08 17:40:37] Total Time: 190.6084475517273 seconds
[2024-12-08 17:40:37] RMSE: 301.47466056972956
[2024-12-08 17:40:37] MAE: 125.74685676963851
[2024-12-08 17:40:37] MSE: 90886.97096563365
[2024-12-08 17:40:37] R-squared: 0.9870128726271415
[=============================== NEW RUN ===============================]
[2024-12-08 17:40:37] Population Size: 50
[2024-12-08 17:40:37] Number of generations: 30
[2024-12-08 17:40:37] Best Fitness (NumExpr): -1356.4043407535053
[2024-12-08 17:40:37] Best Solution (NumExpr): [ 7.85780599e+03 -9.71025683e-02  3.08971904e+00  2.65094783e+00
  3.36118373e+00  1.88240740e+00]
[2024-12-08 17:40:37] Total Time: 3.786858558654785 seconds
[2024-12-08 17:40:37] RMSE: 309.38330474580596
[2024-12-08 17:40:37] MAE: 128.3181639362526
[2024-12-08 17:40:37] MSE: 95718.02925543622
[2024-12-08 17:40:37] R-squared: 0.9863225473947262
[=============================== NEW RUN ===============================]
[2024-12-08 17:40:37] Population Size: 100
[2024-12-08 17:40:37] Number of generations: 50
[2024-12-08 17:40:37] Best Fitness (NumExpr): -466.91932148646936
[2024-12-08 17:40:37] Best Solution (NumExpr): [ 7.62862140e+03 -1.43516732e-01  2.79424650e-01  6.65504398e+00
  1.23421098e+00  1.55738764e+00]
[2024-12-08 17:40:37] Total Time: 12.059974908828735 seconds
[2024-12-08 17:40:37] RMSE: 215.84285040349
[2024-12-08 17:40:37] MAE: 90.6277599403145
[2024-12-08 17:40:37] MSE: 46588.136070303364
[2024-12-08 17:40:37] R-squared: 0.9933428735628358
[=============================== NEW RUN ===============================]
[2024-12-08 17:40:37] Population Size: 200
[2024-12-08 17:40:37] Number of generations: 150
[2024-12-08 17:40:37] Best Fitness (NumExpr): -442.9153338510502
[2024-12-08 17:40:37] Best Solution (NumExpr): [7.70738588e+03 3.26839639e-02 2.62401301e+00 6.50606849e+00
 1.86076022e+00 1.74371148e+00]
[2024-12-08 17:40:37] Total Time: 71.49938011169434 seconds
[2024-12-08 17:40:37] RMSE: 247.9929717664381
[2024-12-08 17:40:37] MAE: 104.01837063801031
[2024-12-08 17:40:37] MSE: 61500.51404554936
[2024-12-08 17:40:37] R-squared: 0.9912119966050158
[=============================== NEW RUN ===============================]
[2024-12-08 17:40:37] Population Size: 400
[2024-12-08 17:40:37] Number of generations: 200
[2024-12-08 17:40:37] Best Fitness (NumExpr): -268.92175716518955
[2024-12-08 17:40:37] Best Solution (NumExpr): [ 7.46975957e+03 -4.68434019e-01  3.14733338e+00  3.14232985e+00
  1.82780631e+00  4.36445195e+00]
[2024-12-08 17:40:37] Total Time: 191.12913131713867 seconds
[2024-12-08 17:40:37] RMSE: 150.9939199897417
[2024-12-08 17:40:37] MAE: 64.46638605217501
[2024-12-08 17:40:37] MSE: 22799.163873868518
[2024-12-08 17:40:37] R-squared: 0.9967421552057603
[=============================== NEW RUN ===============================]
[2024-12-08 17:49:24] Population Size: 50
[2024-12-08 17:49:24] Number of generations: 30
[2024-12-08 17:49:24] Best Fitness (NumExpr): -1033.0146802112256
[2024-12-08 17:49:24] Best Solution (NumExpr): [7.86789817e+03 2.21048353e-01 2.97379301e+00 5.97787226e-01
 2.53072458e+00 1.29010883e+00]
[2024-12-08 17:49:24] Total Time: 3.9454052448272705 seconds
[2024-12-08 17:49:24] RMSE: 313.5029440255139
[2024-12-08 17:49:24] MAE: 129.63902978922738
[2024-12-08 17:49:24] MSE: 98284.0959126645
[2024-12-08 17:49:24] R-squared: 0.9859558739962117
[=============================== NEW RUN ===============================]
[2024-12-08 17:49:24] Population Size: 100
[2024-12-08 17:49:24] Number of generations: 50
[2024-12-08 17:49:24] Best Fitness (NumExpr): -530.6046142417962
[2024-12-08 17:49:24] Best Solution (NumExpr): [7.86545267e+03 1.31976295e-02 3.49766271e+00 3.13831413e+00
 1.37141919e+00 4.60368370e+00]
[2024-12-08 17:49:24] Total Time: 13.052066087722778 seconds
[2024-12-08 17:49:24] RMSE: 312.5167158033771
[2024-12-08 17:49:24] MAE: 130.5086192215047
[2024-12-08 17:49:24] MSE: 97666.69765652878
[2024-12-08 17:49:24] R-squared: 0.9860440959900466
[=============================== NEW RUN ===============================]
[2024-12-08 17:49:24] Population Size: 200
[2024-12-08 17:49:24] Number of generations: 150
[2024-12-08 17:49:24] Best Fitness (NumExpr): -95.32861456993557
[2024-12-08 17:49:24] Best Solution (NumExpr): [ 7.31306495e+03 -6.82041407e-02  5.22579387e-02  6.02232791e+00
  4.16758738e+00  4.37938801e+00]
[2024-12-08 17:49:24] Total Time: 77.45690536499023 seconds
[2024-12-08 17:49:24] RMSE: 87.04804033179238
[2024-12-08 17:49:24] MAE: 37.873170944540384
[2024-12-08 17:49:24] MSE: 7577.361325605353
[2024-12-08 17:49:24] R-squared: 0.9989172468216262
[=============================== NEW RUN ===============================]
[2024-12-08 17:49:24] Population Size: 400
[2024-12-08 17:49:24] Number of generations: 200
[2024-12-08 17:49:24] Best Fitness (NumExpr): -167.67359549968663
[2024-12-08 17:49:24] Best Solution (NumExpr): [ 7.85767346e+03  9.80978759e-02  2.85474141e+00 -2.01400402e-01
  1.61527636e+00  1.07304379e+00]
[2024-12-08 17:49:24] Total Time: 206.1261923313141 seconds
[2024-12-08 17:49:24] RMSE: 309.3312449769984
[2024-12-08 17:49:24] MAE: 127.98154551467941
[2024-12-08 17:49:24] MSE: 95685.81911901978
[2024-12-08 17:49:24] R-squared: 0.9863271500032178
[=============================== NEW RUN ===============================]
[2024-12-08 17:49:24] Population Size: 50
[2024-12-08 17:49:24] Number of generations: 30
[2024-12-08 17:49:24] Best Fitness (NumExpr): -713.3687481680051
[2024-12-08 17:49:24] Best Solution (NumExpr): [ 7.04242910e+03 -5.94108366e-02 -1.26616645e-01  4.15716118e+00
  4.84551259e+00  5.37424626e+00]
[2024-12-08 17:49:24] Total Time: 3.9714596271514893 seconds
[2024-12-08 17:49:24] RMSE: 23.69388291122996
[2024-12-08 17:49:24] MAE: 11.727804175264966
[2024-12-08 17:49:24] MSE: 561.4000874110751
[2024-12-08 17:49:24] R-squared: 0.9999197797619959
[=============================== NEW RUN ===============================]
[2024-12-08 17:49:24] Population Size: 100
[2024-12-08 17:49:24] Number of generations: 50
[2024-12-08 17:49:24] Best Fitness (NumExpr): -751.959082328239
[2024-12-08 17:49:24] Best Solution (NumExpr): [7.70445848e+03 1.39106137e-01 3.49615473e+00 3.25656842e+00
 1.68338616e+00 4.46136740e+00]
[2024-12-08 17:49:24] Total Time: 13.139626264572144 seconds
[2024-12-08 17:49:24] RMSE: 246.79547059299557
[2024-12-08 17:49:24] MAE: 103.5990132380531
[2024-12-08 17:49:24] MSE: 60908.00430521814
[2024-12-08 17:49:24] R-squared: 0.9912966621999364
[=============================== NEW RUN ===============================]
[2024-12-08 17:49:24] Population Size: 200
[2024-12-08 17:49:24] Number of generations: 150
[2024-12-08 17:49:24] Best Fitness (NumExpr): -483.1155223367276
[2024-12-08 17:49:24] Best Solution (NumExpr): [7.50221779e+03 2.88183388e-02 3.33507445e+00 5.77161796e+00
 1.42353922e+00 1.14555496e+00]
[2024-12-08 17:49:24] Total Time: 77.26397395133972 seconds
[2024-12-08 17:49:24] RMSE: 164.24745509502205
[2024-12-08 17:49:24] MAE: 69.79361342475845
[2024-12-08 17:49:24] MSE: 26977.22650519128
[2024-12-08 17:49:24] R-squared: 0.9961451385928369
[=============================== NEW RUN ===============================]
[2024-12-08 17:49:24] Population Size: 400
[2024-12-08 17:49:24] Number of generations: 200
[2024-12-08 17:49:24] Best Fitness (NumExpr): -332.98348508387613
[2024-12-08 17:49:24] Best Solution (NumExpr): [ 7.19460607e+03 -2.39128310e-01 -1.39302499e-01  3.26912853e+00
  4.22585091e+00  1.79470134e+00]
[2024-12-08 17:49:24] Total Time: 206.21876168251038 seconds
[2024-12-08 17:49:24] RMSE: 38.67873851593665
[2024-12-08 17:49:24] MAE: 17.291080715455312
[2024-12-08 17:49:24] MSE: 1496.044813184201
[2024-12-08 17:49:24] R-squared: 0.9997862254145132
[=============================== NEW RUN ===============================]
[2024-12-08 17:49:27] Population Size: 50
[2024-12-08 17:49:27] Number of generations: 30
[2024-12-08 17:49:27] Best Fitness (NumExpr): -524.3276606206616
[2024-12-08 17:49:27] Best Solution (NumExpr): [ 7.21270716e+03 -3.19326447e-02  4.42770452e-02  3.43294497e+00
  1.06252543e+00  4.53617767e+00]
[2024-12-08 17:49:27] Total Time: 4.0185322761535645 seconds
[2024-12-08 17:49:27] RMSE: 46.150142706407735
[2024-12-08 17:49:27] MAE: 21.25423506917313
[2024-12-08 17:49:27] MSE: 2129.8356718217988
[2024-12-08 17:49:27] R-squared: 0.9996956610297457
[=============================== NEW RUN ===============================]
[2024-12-08 17:49:27] Population Size: 100
[2024-12-08 17:49:27] Number of generations: 50
[2024-12-08 17:49:27] Best Fitness (NumExpr): -341.39472378450273
[2024-12-08 17:49:27] Best Solution (NumExpr): [7.55946761e+03 3.81671589e-01 1.02526564e-01 2.02514002e-02
 1.73569395e+00 9.48490319e-01]
[2024-12-08 17:49:27] Total Time: 13.153116226196289 seconds
[2024-12-08 17:49:27] RMSE: 187.59307280412773
[2024-12-08 17:49:27] MAE: 77.76405912448124
[2024-12-08 17:49:27] MSE: 35191.16096409477
[2024-12-08 17:49:27] R-squared: 0.9949714234616502
[=============================== NEW RUN ===============================]
[2024-12-08 17:49:27] Population Size: 200
[2024-12-08 17:49:27] Number of generations: 150
[2024-12-08 17:49:27] Best Fitness (NumExpr): -401.57456500807194
[2024-12-08 17:49:27] Best Solution (NumExpr): [7.28187764e+03 9.63599743e-03 3.15999488e+00 1.41097173e-01
 4.11984446e+00 4.82934610e+00]
[2024-12-08 17:49:27] Total Time: 78.02841114997864 seconds
[2024-12-08 17:49:27] RMSE: 74.3022105604352
[2024-12-08 17:49:27] MAE: 32.270433768238796
[2024-12-08 17:49:27] MSE: 5520.818494167248
[2024-12-08 17:49:27] R-squared: 0.9992111127455959
[=============================== NEW RUN ===============================]
[2024-12-08 17:49:27] Population Size: 400
[2024-12-08 17:49:27] Number of generations: 200
[2024-12-08 17:49:27] Best Fitness (NumExpr): -361.5561640329506
[2024-12-08 17:49:27] Best Solution (NumExpr): [ 7.74832960e+03 -1.86076024e-01  3.68085306e+00  3.47398655e+00
  1.87186367e+00  4.65464189e+00]
[2024-12-08 17:49:27] Total Time: 208.72728538513184 seconds
[2024-12-08 17:49:27] RMSE: 264.70475327244554
[2024-12-08 17:49:27] MAE: 111.03288224680487
[2024-12-08 17:49:27] MSE: 70068.60640502626
[2024-12-08 17:49:27] R-squared: 0.989987674728814
[=============================== NEW RUN ===============================]
[2024-12-08 17:49:28] Population Size: 50
[2024-12-08 17:49:28] Number of generations: 30
[2024-12-08 17:49:28] Best Fitness (NumExpr): -685.7480299978092
[2024-12-08 17:49:28] Best Solution (NumExpr): [ 7.21215016e+03 -1.73562733e-01  3.32263185e+00  4.09391469e+00
  2.36119654e+00  5.17288952e+00]
[2024-12-08 17:49:28] Total Time: 4.048066139221191 seconds
[2024-12-08 17:49:28] RMSE: 45.934447003101916
[2024-12-08 17:49:28] MAE: 21.715993600501644
[2024-12-08 17:49:28] MSE: 2109.9734214807786
[2024-12-08 17:49:28] R-squared: 0.9996984992096559
[=============================== NEW RUN ===============================]
[2024-12-08 17:49:28] Population Size: 100
[2024-12-08 17:49:28] Number of generations: 50
[2024-12-08 17:49:28] Best Fitness (NumExpr): -756.6911038791948
[2024-12-08 17:49:28] Best Solution (NumExpr): [7.41238246e+03 2.00532285e-01 1.44150814e+00 6.25600155e+00
 1.18358217e+00 1.38866567e+00]
[2024-12-08 17:49:28] Total Time: 13.233965873718262 seconds
[2024-12-08 17:49:28] RMSE: 127.58510790963132
[2024-12-08 17:49:28] MAE: 54.64493086438407
[2024-12-08 17:49:28] MSE: 16277.95976031227
[2024-12-08 17:49:28] R-squared: 0.9976739907323199
[=============================== NEW RUN ===============================]
[2024-12-08 17:49:28] Population Size: 200
[2024-12-08 17:49:28] Number of generations: 150
[2024-12-08 17:49:28] Best Fitness (NumExpr): -231.39550848813553
[2024-12-08 17:49:28] Best Solution (NumExpr): [7.23465530e+03 1.38626300e-01 2.70130452e+00 3.13422787e+00
 1.41966518e+00 5.03000885e+00]
[2024-12-08 17:49:28] Total Time: 78.76102757453918 seconds
[2024-12-08 17:49:28] RMSE: 55.09549561163309
[2024-12-08 17:49:28] MAE: 25.284424890560544
[2024-12-08 17:49:28] MSE: 3035.513636691481
[2024-12-08 17:49:28] R-squared: 0.9995662458345469
[=============================== NEW RUN ===============================]
[2024-12-08 17:49:28] Population Size: 400
[2024-12-08 17:49:28] Number of generations: 200
[2024-12-08 17:49:28] Best Fitness (NumExpr): -172.93976798055178
[2024-12-08 17:49:28] Best Solution (NumExpr): [ 7.43526911e+03  2.50935153e-01 -8.27972721e-02  3.19727888e+00
  4.40126767e+00  1.23656904e+00]
[2024-12-08 17:49:28] Total Time: 208.0609998703003 seconds
[2024-12-08 17:49:28] RMSE: 136.88670674574243
[2024-12-08 17:49:28] MAE: 57.19990403214086
[2024-12-08 17:49:28] MSE: 18737.970483694884
[2024-12-08 17:49:28] R-squared: 0.9973224720023662
[=============================== NEW RUN ===============================]
[2024-12-08 18:28:44] Population Size: 50
[2024-12-08 18:28:44] Number of generations: 30
[2024-12-08 18:28:44] Number of workers: 4
[2024-12-08 18:28:44] Best Solution: [7.96694064e+03 2.75499487e-01 7.81401083e-01 3.60106409e+00
 4.93765243e+00 1.24803988e+00]
[2024-12-08 18:28:44] Best Fitness: -567.5270066332693
[2024-12-08 18:28:44] RMSE: 353.93230941672255
[2024-12-08 18:28:44] MAE: 145.88216603404274
[2024-12-08 18:28:44] MSE: 125268.07964905463
[2024-12-08 18:28:44] R-squared: 0.9821000470268636
[2024-12-08 18:28:44] Total Time: 3.8393924236297607 seconds
[=============================== NEW RUN ===============================]
[2024-12-08 18:28:44] Population Size: 100
[2024-12-08 18:28:44] Number of generations: 50
[2024-12-08 18:28:44] Number of workers: 4
[2024-12-08 18:28:44] Best Solution: [ 7.41226131e+03 -1.15637075e-01  2.84700679e+00  3.43783281e+00
  4.30493815e+00  1.79608042e+00]
[2024-12-08 18:28:44] Best Fitness: -312.915055356289
[2024-12-08 18:28:44] RMSE: 127.50237338822916
[2024-12-08 18:28:44] MAE: 53.982822058589385
[2024-12-08 18:28:44] MSE: 16256.855219631407
[2024-12-08 18:28:44] R-squared: 0.9976770064270345
[2024-12-08 18:28:44] Total Time: 12.907031536102295 seconds
[=============================== NEW RUN ===============================]
[2024-12-08 18:28:44] Population Size: 200
[2024-12-08 18:28:44] Number of generations: 150
[2024-12-08 18:28:44] Number of workers: 4
[2024-12-08 18:28:44] Best Solution: [7.39625583e+03 1.40423169e-02 2.73462858e+00 3.36379244e+00
 4.73589124e+00 1.69831367e+00]
[2024-12-08 18:28:44] Best Fitness: -207.83285550438623
[2024-12-08 18:28:44] RMSE: 120.96643961479052
[2024-12-08 18:28:44] MAE: 51.17443901784414
[2024-12-08 18:28:44] MSE: 14632.87951307876
[2024-12-08 18:28:44] R-squared: 0.9979090614633873
[2024-12-08 18:28:44] Total Time: 76.99459552764893 seconds
[=============================== NEW RUN ===============================]
[2024-12-08 18:28:44] Population Size: 400
[2024-12-08 18:28:44] Number of generations: 200
[2024-12-08 18:28:44] Number of workers: 4
[2024-12-08 18:28:44] Best Solution: [7.69133938e+03 3.48268494e-02 4.40307362e-01 6.22919872e+00
 1.51220474e+00 1.13335556e+00]
[2024-12-08 18:28:44] Best Fitness: -319.6702668286509
[2024-12-08 18:28:44] RMSE: 241.44025934559554
[2024-12-08 18:28:44] MAE: 100.88986822423847
[2024-12-08 18:28:44] MSE: 58293.39883286843
[2024-12-08 18:28:44] R-squared: 0.991670271463601
[2024-12-08 18:28:44] Total Time: 204.48397159576416 seconds
[=============================== NEW RUN ===============================]
[2024-12-08 18:28:45] Population Size: 50
[2024-12-08 18:28:45] Number of generations: 30
[2024-12-08 18:28:45] Number of workers: 4
[2024-12-08 18:28:45] Best Solution: [7.53997940e+03 2.73499867e-01 1.02954027e+00 7.04784933e-02
 1.33187980e+00 9.91746349e-01]
[2024-12-08 18:28:45] Best Fitness: -360.9840272829834
[2024-12-08 18:28:45] RMSE: 179.6405048508356
[2024-12-08 18:28:45] MAE: 74.73279734982809
[2024-12-08 18:28:45] MSE: 32270.710983063094
[2024-12-08 18:28:45] R-squared: 0.9953887358166198
[2024-12-08 18:28:45] Total Time: 3.85740327835083 seconds
[=============================== NEW RUN ===============================]
[2024-12-08 18:28:45] Population Size: 100
[2024-12-08 18:28:45] Number of generations: 50
[2024-12-08 18:28:45] Number of workers: 4
[2024-12-08 18:28:45] Best Solution: [7.59067558e+03 1.31452507e-01 3.84739164e-02 2.43126757e+00
 5.31232796e+00 1.09994753e+00]
[2024-12-08 18:28:45] Best Fitness: -351.940134272527
[2024-12-08 18:28:45] RMSE: 200.322730377285
[2024-12-08 18:28:45] MAE: 82.77475691143384
[2024-12-08 18:28:45] MSE: 40129.19630581042
[2024-12-08 18:28:45] R-squared: 0.9942658119391935
[2024-12-08 18:28:45] Total Time: 13.018266677856445 seconds
[=============================== NEW RUN ===============================]
[2024-12-08 18:28:45] Population Size: 200
[2024-12-08 18:28:45] Number of generations: 150
[2024-12-08 18:28:45] Number of workers: 4
[2024-12-08 18:28:45] Best Solution: [ 7.30755779e+03 -2.43505278e-01 -1.73120960e-01  2.61129884e+00
  3.97012551e+00  1.73952714e+00]
[2024-12-08 18:28:45] Best Fitness: -339.8372950089596
[2024-12-08 18:28:45] RMSE: 84.75851349737928
[2024-12-08 18:28:45] MAE: 36.04651938201967
[2024-12-08 18:28:45] MSE: 7184.005610285425
[2024-12-08 18:28:45] R-squared: 0.9989734546666388
[2024-12-08 18:28:45] Total Time: 76.79247307777405 seconds
[=============================== NEW RUN ===============================]
[2024-12-08 18:28:45] Population Size: 400
[2024-12-08 18:28:45] Number of generations: 200
[2024-12-08 18:28:45] Number of workers: 4
[2024-12-08 18:28:45] Best Solution: [ 7.10194138e+03 -2.31056369e-01  1.04182364e-01  6.45943620e+00
  6.13482505e-01  1.60802797e+00]
[2024-12-08 18:28:45] Best Fitness: -217.08433129082437
[2024-12-08 18:28:45] RMSE: 4.042449834805169
[2024-12-08 18:28:45] MAE: 2.912432904165978
[2024-12-08 18:28:45] MSE: 16.34140066691634
[2024-12-08 18:28:45] R-squared: 0.99999766492546
[2024-12-08 18:28:45] Total Time: 204.83920550346375 seconds
[=============================== NEW RUN ===============================]
[2024-12-08 18:28:45] Population Size: 50
[2024-12-08 18:28:45] Number of generations: 30
[2024-12-08 18:28:45] Number of workers: 4
[2024-12-08 18:28:45] Best Solution: [ 7.89402416e+03  2.05446777e-01 -2.48038358e-01  6.25377325e+00
  4.58319810e+00  4.45380029e+00]
[2024-12-08 18:28:45] Best Fitness: -870.8978160725642
[2024-12-08 18:28:45] RMSE: 324.17655411482406
[2024-12-08 18:28:45] MAE: 134.6943364284042
[2024-12-08 18:28:45] MSE: 105090.43823776144
[2024-12-08 18:28:45] R-squared: 0.98498329416678
[2024-12-08 18:28:45] Total Time: 3.8729257583618164 seconds
[=============================== NEW RUN ===============================]
[2024-12-08 18:28:45] Population Size: 100
[2024-12-08 18:28:45] Number of generations: 50
[2024-12-08 18:28:45] Number of workers: 4
[2024-12-08 18:28:45] Best Solution: [ 7.31064094e+03 -4.42014837e-02  2.44631423e-01 -1.40759595e-01
  1.26264485e+00  1.62903056e+00]
[2024-12-08 18:28:45] Best Fitness: -387.3373012949091
[2024-12-08 18:28:45] RMSE: 86.03656493067552
[2024-12-08 18:28:45] MAE: 36.5394862930012
[2024-12-08 18:28:45] MSE: 7402.290505070346
[2024-12-08 18:28:45] R-squared: 0.9989422632461081
[2024-12-08 18:28:45] Total Time: 12.892513751983643 seconds
[=============================== NEW RUN ===============================]
[2024-12-08 18:28:45] Population Size: 200
[2024-12-08 18:28:45] Number of generations: 150
[2024-12-08 18:28:45] Number of workers: 4
[2024-12-08 18:28:45] Best Solution: [ 7.80827067e+03 -1.90215576e-01  7.16688145e-02  2.65072935e-02
  4.79255819e+00  4.28074416e+00]
[2024-12-08 18:28:45] Best Fitness: -637.9638729400967
[2024-12-08 18:28:45] RMSE: 289.1580010637533
[2024-12-08 18:28:45] MAE: 119.3051485205981
[2024-12-08 18:28:45] MSE: 83612.34957918557
[2024-12-08 18:28:45] R-squared: 0.9880523663359906
[2024-12-08 18:28:45] Total Time: 77.0835120677948 seconds
[=============================== NEW RUN ===============================]
[2024-12-08 18:28:45] Population Size: 400
[2024-12-08 18:28:45] Number of generations: 200
[2024-12-08 18:28:45] Number of workers: 4
[2024-12-08 18:28:45] Best Solution: [ 7.48747229e+03 -6.95778717e-03  2.80201264e+00  3.28611246e+00
  1.92357395e+00  4.52058539e+00]
[2024-12-08 18:28:45] Best Fitness: -124.68334601169661
[2024-12-08 18:28:45] RMSE: 158.2226401775353
[2024-12-08 18:28:45] MAE: 67.31806449125536
[2024-12-08 18:28:45] MSE: 25034.40386474981
[2024-12-08 18:28:45] R-squared: 0.9964227546782473
[2024-12-08 18:28:45] Total Time: 205.1465163230896 seconds
[=============================== NEW RUN ===============================]
[2024-12-08 18:28:45] Population Size: 50
[2024-12-08 18:28:45] Number of generations: 30
[2024-12-08 18:28:45] Number of workers: 4
[2024-12-08 18:28:45] Best Solution: [7.30708125e+03 3.53852590e-02 3.47166829e+00 4.90568575e+00
 3.63906223e+00 4.51034733e+00]
[2024-12-08 18:28:45] Best Fitness: -149.356626506135
[2024-12-08 18:28:45] RMSE: 84.61143138770252
[2024-12-08 18:28:45] MAE: 37.33975105737725
[2024-12-08 18:28:45] MSE: 7159.094321475891
[2024-12-08 18:28:45] R-squared: 0.99897701431966
[2024-12-08 18:28:45] Total Time: 3.8644275665283203 seconds
[=============================== NEW RUN ===============================]
[2024-12-08 18:28:45] Population Size: 100
[2024-12-08 18:28:45] Number of generations: 50
[2024-12-08 18:28:45] Number of workers: 4
[2024-12-08 18:28:45] Best Solution: [7.36650063e+03 1.01381821e-01 3.60792275e-02 6.74110774e-01
 3.58469030e+00 4.76921322e+00]
[2024-12-08 18:28:45] Best Fitness: -488.79456497819683
[2024-12-08 18:28:45] RMSE: 108.82901209989124
[2024-12-08 18:28:45] MAE: 46.02430078790389
[2024-12-08 18:28:45] MSE: 11843.753874638276
[2024-12-08 18:28:45] R-squared: 0.9983076084667749
[2024-12-08 18:28:45] Total Time: 13.023775577545166 seconds
[=============================== NEW RUN ===============================]
[2024-12-08 18:28:45] Population Size: 200
[2024-12-08 18:28:45] Number of generations: 150
[2024-12-08 18:28:45] Number of workers: 4
[2024-12-08 18:28:45] Best Solution: [ 7.70250618e+03 -4.32546438e-01 -4.96224367e-01  7.86532996e-02
  5.45449505e+00  4.38714660e+00]
[2024-12-08 18:28:45] Best Fitness: -195.9054629608522
[2024-12-08 18:28:45] RMSE: 245.98053677383538
[2024-12-08 18:28:45] MAE: 101.72837548751748
[2024-12-08 18:28:45] MSE: 60506.42447154418
[2024-12-08 18:28:45] R-squared: 0.9913540452152892
[2024-12-08 18:28:45] Total Time: 77.37586116790771 seconds
[=============================== NEW RUN ===============================]
[2024-12-08 18:28:45] Population Size: 400
[2024-12-08 18:28:45] Number of generations: 200
[2024-12-08 18:28:45] Number of workers: 4
[2024-12-08 18:28:45] Best Solution: [ 7.54680129e+03 -2.93928424e-01  3.00470669e+00  3.16204363e+00
  4.52324467e+00  1.18976323e+00]
[2024-12-08 18:28:45] Best Fitness: -307.51355074937703
[2024-12-08 18:28:45] RMSE: 182.41957193483134
[2024-12-08 18:28:45] MAE: 76.2787481544092
[2024-12-08 18:28:45] MSE: 33276.900224887104
[2024-12-08 18:28:45] R-squared: 0.9952449582464584
[2024-12-08 18:28:45] Total Time: 204.91426157951355 seconds
[=============================== NEW SESSION ===============================]
[>>>>>>>>>>>>>>>>>>>>>>  RUN 0  <<<<<<<<<<<<<<<<<<<<<<<]
[2024-12-08 18:41:58] Population Size: 50
[2024-12-08 18:41:58] Number of generations: 30
[2024-12-08 18:41:58] Number of workers: 4
[2024-12-08 18:41:58] Best Solution: [7.97348093e+03 1.08610581e-01 3.35987900e+00 4.41066960e-02
 2.06344789e+00 1.16554107e+00]
[2024-12-08 18:41:58] Best Fitness: -700.0754734598663
[2024-12-08 18:41:58] RMSE: 356.6073267798231
[2024-12-08 18:41:58] MAE: 147.27039904466952
[2024-12-08 18:41:58] MSE: 127168.78551305155
[2024-12-08 18:41:58] R-squared: 0.9818284491411402
[2024-12-08 18:41:58] Total Time: 3.9223456382751465 seconds
[>>>>>>>>>>>>>>>>>>>>>>  RUN 1  <<<<<<<<<<<<<<<<<<<<<<<]
[2024-12-08 18:41:58] Population Size: 100
[2024-12-08 18:41:58] Number of generations: 50
[2024-12-08 18:41:58] Number of workers: 4
[2024-12-08 18:41:58] Best Solution: [ 7.19514189e+03 -4.00992410e-02  2.48485002e+00  3.35962218e+00
  4.04554637e+00  1.31770453e+00]
[2024-12-08 18:41:58] Best Fitness: -481.8870594532351
[2024-12-08 18:41:58] RMSE: 38.909955428558646
[2024-12-08 18:41:58] MAE: 17.673770665021387
[2024-12-08 18:41:58] MSE: 1513.9846314524202
[2024-12-08 18:41:58] R-squared: 0.9997836619370156
[2024-12-08 18:41:58] Total Time: 13.287500858306885 seconds
[>>>>>>>>>>>>>>>>>>>>>>  RUN 2  <<<<<<<<<<<<<<<<<<<<<<<]
[2024-12-08 18:41:58] Population Size: 200
[2024-12-08 18:41:58] Number of generations: 150
[2024-12-08 18:41:58] Number of workers: 4
[2024-12-08 18:41:58] Best Solution: [7.42896928e+03 1.32570633e-01 2.51279718e+00 3.06689466e+00
 4.93987278e+00 1.24237952e+00]
[2024-12-08 18:41:58] Best Fitness: -509.941219663393
[2024-12-08 18:41:58] RMSE: 134.31617608505343
[2024-12-08 18:41:58] MAE: 56.41048447470818
[2024-12-08 18:41:58] MSE: 18040.83515811108
[2024-12-08 18:41:58] R-squared: 0.9974220878788036
[2024-12-08 18:41:58] Total Time: 78.74110388755798 seconds
[>>>>>>>>>>>>>>>>>>>>>>  RUN 3  <<<<<<<<<<<<<<<<<<<<<<<]
[2024-12-08 18:41:58] Population Size: 400
[2024-12-08 18:41:58] Number of generations: 200
[2024-12-08 18:41:58] Number of workers: 4
[2024-12-08 18:41:58] Best Solution: [ 7.61361544e+03 -8.79902849e-02 -4.70562204e-02  6.77540938e+00
  4.22223392e+00  4.30242287e+00]
[2024-12-08 18:41:58] Best Fitness: -176.93144577779475
[2024-12-08 18:41:58] RMSE: 209.71285519077657
[2024-12-08 18:41:58] MAE: 88.08834752303119
[2024-12-08 18:41:58] MSE: 43979.48163226762
[2024-12-08 18:41:58] R-squared: 0.9937156324643439
[2024-12-08 18:41:58] Total Time: 258.19364166259766 seconds
[=============================== NEW SESSION ===============================]
[>>>>>>>>>>>>>>>>>>>>>>  RUN 0  <<<<<<<<<<<<<<<<<<<<<<<]
[2024-12-08 18:41:59] Population Size: 50
[2024-12-08 18:41:59] Number of generations: 30
[2024-12-08 18:41:59] Number of workers: 4
[2024-12-08 18:41:59] Best Solution: [ 7.45769543e+03 -1.59542197e-01  2.80393351e+00  7.69782708e-01
  2.26529065e+00  1.05140762e+00]
[2024-12-08 18:41:59] Best Fitness: -608.7993494624316
[2024-12-08 18:41:59] RMSE: 146.05059346282084
[2024-12-08 18:41:59] MAE: 61.32646744660884
[2024-12-08 18:41:59] MSE: 21330.77585084217
[2024-12-08 18:41:59] R-squared: 0.9969519778248355
[2024-12-08 18:41:59] Total Time: 4.006375789642334 seconds
[>>>>>>>>>>>>>>>>>>>>>>  RUN 1  <<<<<<<<<<<<<<<<<<<<<<<]
[2024-12-08 18:41:59] Population Size: 100
[2024-12-08 18:41:59] Number of generations: 50
[2024-12-08 18:41:59] Number of workers: 4
[2024-12-08 18:41:59] Best Solution: [7.69629388e+03 2.61985196e-01 3.39142940e+00 1.25777748e+00
 5.93563950e+00 4.55031087e+00]
[2024-12-08 18:41:59] Best Fitness: -587.3828067689486
[2024-12-08 18:41:59] RMSE: 243.44830484100237
[2024-12-08 18:41:59] MAE: 101.20062364738196
[2024-12-08 18:41:59] MSE: 59267.07712995762
[2024-12-08 18:41:59] R-squared: 0.9915311394853853
[2024-12-08 18:41:59] Total Time: 13.10336685180664 seconds
[>>>>>>>>>>>>>>>>>>>>>>  RUN 2  <<<<<<<<<<<<<<<<<<<<<<<]
[2024-12-08 18:41:59] Population Size: 200
[2024-12-08 18:41:59] Number of generations: 150
[2024-12-08 18:41:59] Number of workers: 4
[2024-12-08 18:41:59] Best Solution: [ 7.25440816e+03 -3.22056790e-02 -1.95565335e-01  3.00899349e+00
  8.92656157e-01  4.86713612e+00]
[2024-12-08 18:41:59] Best Fitness: -478.27895978741697
[2024-12-08 18:41:59] RMSE: 63.1410419842434
[2024-12-08 18:41:59] MAE: 28.257234223274125
[2024-12-08 18:41:59] MSE: 3986.7911828559877
[2024-12-08 18:41:59] R-squared: 0.9994303147706362
[2024-12-08 18:41:59] Total Time: 78.99967098236084 seconds
[>>>>>>>>>>>>>>>>>>>>>>  RUN 3  <<<<<<<<<<<<<<<<<<<<<<<]
[2024-12-08 18:41:59] Population Size: 400
[2024-12-08 18:41:59] Number of generations: 200
[2024-12-08 18:41:59] Number of workers: 4
[2024-12-08 18:41:59] Best Solution: [ 7.95130538e+03  1.12448911e-01 -2.86126097e-01  3.07672516e+00
  4.87593658e+00  1.59696833e+00]
[2024-12-08 18:41:59] Best Fitness: -237.1045804754164
[2024-12-08 18:41:59] RMSE: 347.5487409793735
[2024-12-08 18:41:59] MAE: 143.20013616042016
[2024-12-08 18:41:59] MSE: 120790.12735634769
[2024-12-08 18:41:59] R-squared: 0.982739915824086
[2024-12-08 18:41:59] Total Time: 259.8891055583954 seconds
[=============================== NEW SESSION ===============================]
[>>>>>>>>>>>>>>>>>>>>>>  RUN 0  <<<<<<<<<<<<<<<<<<<<<<<]
[2024-12-08 18:42:00] Population Size: 50
[2024-12-08 18:42:00] Number of generations: 30
[2024-12-08 18:42:00] Number of workers: 4
[2024-12-08 18:42:00] Best Solution: [ 7.25024028e+03 -9.93411752e-02 -6.80359404e-01  3.31933295e+00
  3.77195802e+00  1.89931953e+00]
[2024-12-08 18:42:00] Best Fitness: -981.7041065012479
[2024-12-08 18:42:00] RMSE: 61.37672586206814
[2024-12-08 18:42:00] MAE: 26.731779116365136
[2024-12-08 18:42:00] MSE: 3767.102477547464
[2024-12-08 18:42:00] R-squared: 0.9994617067861022
[2024-12-08 18:42:00] Total Time: 3.9868173599243164 seconds
[>>>>>>>>>>>>>>>>>>>>>>  RUN 1  <<<<<<<<<<<<<<<<<<<<<<<]
[2024-12-08 18:42:00] Population Size: 100
[2024-12-08 18:42:00] Number of generations: 50
[2024-12-08 18:42:00] Number of workers: 4
[2024-12-08 18:42:00] Best Solution: [ 7.59753644e+03 -2.26793423e-01 -1.71792199e-03  3.17922245e+00
  1.40912031e+00  4.42554897e+00]
[2024-12-08 18:42:00] Best Fitness: -449.4848433235145
[2024-12-08 18:42:00] RMSE: 203.14674947152685
[2024-12-08 18:42:00] MAE: 85.31409974735612
[2024-12-08 18:42:00] MSE: 41268.601820847296
[2024-12-08 18:42:00] R-squared: 0.9941029986734866
[2024-12-08 18:42:00] Total Time: 13.260586023330688 seconds
[>>>>>>>>>>>>>>>>>>>>>>  RUN 2  <<<<<<<<<<<<<<<<<<<<<<<]
[2024-12-08 18:42:00] Population Size: 200
[2024-12-08 18:42:00] Number of generations: 150
[2024-12-08 18:42:00] Number of workers: 4
[2024-12-08 18:42:00] Best Solution: [7.01268256e+03 2.12429122e-01 2.87399985e+00 5.63724299e-01
 1.48551872e+00 1.53370707e+00]
[2024-12-08 18:42:00] Best Fitness: -347.57654782223415
[2024-12-08 18:42:00] RMSE: 35.76145764300238
[2024-12-08 18:42:00] MAE: 16.39996354241362
[2024-12-08 18:42:00] MSE: 1278.8818527522533
[2024-12-08 18:42:00] R-squared: 0.9998172565182879
[2024-12-08 18:42:00] Total Time: 78.85294795036316 seconds
[>>>>>>>>>>>>>>>>>>>>>>  RUN 3  <<<<<<<<<<<<<<<<<<<<<<<]
[2024-12-08 18:42:00] Population Size: 400
[2024-12-08 18:42:00] Number of generations: 200
[2024-12-08 18:42:00] Number of workers: 4
[2024-12-08 18:42:00] Best Solution: [ 7.69365691e+03  1.82384257e-01 -4.14428320e-01  6.38881968e+00
  4.65373757e+00  4.59407194e+00]
[2024-12-08 18:42:00] Best Fitness: -355.28828038449444
[2024-12-08 18:42:00] RMSE: 242.38380641647606
[2024-12-08 18:42:00] MAE: 101.35781224429172
[2024-12-08 18:42:00] MSE: 58749.909612939744
[2024-12-08 18:42:00] R-squared: 0.9916050391911985
[2024-12-08 18:42:00] Total Time: 260.2854402065277 seconds
[=============================== NEW SESSION ===============================]
[>>>>>>>>>>>>>>>>>>>>>>  RUN 0  <<<<<<<<<<<<<<<<<<<<<<<]
[2024-12-08 18:42:01] Population Size: 50
[2024-12-08 18:42:01] Number of generations: 30
[2024-12-08 18:42:01] Number of workers: 4
[2024-12-08 18:42:01] Best Solution: [7.86526376e+03 3.28316164e-02 1.11726093e+00 6.38307208e+00
 1.78190338e+00 8.65929835e-01]
[2024-12-08 18:42:01] Best Fitness: -1340.2661879897228
[2024-12-08 18:42:01] RMSE: 312.43821604623434
[2024-12-08 18:42:01] MAE: 129.92654841013183
[2024-12-08 18:42:01] MSE: 97617.63884615341
[2024-12-08 18:42:01] R-squared: 0.9860511061589667
[2024-12-08 18:42:01] Total Time: 3.991816759109497 seconds
[>>>>>>>>>>>>>>>>>>>>>>  RUN 1  <<<<<<<<<<<<<<<<<<<<<<<]
[2024-12-08 18:42:01] Population Size: 100
[2024-12-08 18:42:01] Number of generations: 50
[2024-12-08 18:42:01] Number of workers: 4
[2024-12-08 18:42:01] Best Solution: [ 7.45877511e+03 -2.34350118e-01  3.09328347e+00  2.43835524e+00
  3.29535573e+00  2.02836565e+00]
[2024-12-08 18:42:01] Best Fitness: -281.14962366240144
[2024-12-08 18:42:01] RMSE: 146.49119739250887
[2024-12-08 18:42:01] MAE: 61.83635198234038
[2024-12-08 18:42:01] MSE: 21459.670913490998
[2024-12-08 18:42:01] R-squared: 0.9969335596007648
[2024-12-08 18:42:01] Total Time: 13.324659585952759 seconds
[>>>>>>>>>>>>>>>>>>>>>>  RUN 2  <<<<<<<<<<<<<<<<<<<<<<<]
[2024-12-08 18:42:01] Population Size: 200
[2024-12-08 18:42:01] Number of generations: 150
[2024-12-08 18:42:01] Number of workers: 4
[2024-12-08 18:42:01] Best Solution: [ 7.14842192e+03  1.63916394e-01 -3.19297419e-01  2.79391849e+00
  1.26195935e+00  4.37507945e+00]
[2024-12-08 18:42:01] Best Fitness: -247.5363893020882
[2024-12-08 18:42:01] RMSE: 20.053814417261357
[2024-12-08 18:42:01] MAE: 10.401389768913821
[2024-12-08 18:42:01] MSE: 402.15547268195945
[2024-12-08 18:42:01] R-squared: 0.9999425347297647
[2024-12-08 18:42:01] Total Time: 79.78096723556519 seconds
[>>>>>>>>>>>>>>>>>>>>>>  RUN 3  <<<<<<<<<<<<<<<<<<<<<<<]
[2024-12-08 18:42:01] Population Size: 400
[2024-12-08 18:42:01] Number of generations: 200
[2024-12-08 18:42:01] Number of workers: 4
[2024-12-08 18:42:01] Best Solution: [ 7.47213892e+03 -1.17570615e-01  2.14046234e-01  3.24396924e+00
  1.28240147e+00  3.99484971e+00]
[2024-12-08 18:42:01] Best Fitness: -454.8829390007431
[2024-12-08 18:42:01] RMSE: 151.96206796229433
[2024-12-08 18:42:01] MAE: 64.36182516502556
[2024-12-08 18:42:01] MSE: 23092.470099376962
[2024-12-08 18:42:01] R-squared: 0.9967002437494816
[2024-12-08 18:42:01] Total Time: 260.37716269493103 seconds
[=============================== NEW SESSION ===============================]
[>>>>>>>>>>>>>>>>>>>>>>  RUN 0  <<<<<<<<<<<<<<<<<<<<<<<]
[2024-12-08 20:35:33] Population Size: 50
[2024-12-08 20:35:33] Number of generations: 30
[2024-12-08 20:35:33] Number of workers: 4
[2024-12-08 20:35:33] Best Solution: [ 7.58044104e+03 -2.81062369e-01  3.51880489e+00  5.45907716e+00
  4.13606804e+00  3.99195311e+00]
[2024-12-08 20:35:33] Best Fitness: -969.8922775041293
[2024-12-08 20:35:33] RMSE: 196.1689542271108
[2024-12-08 20:35:33] MAE: 82.88331139288358
[2024-12-08 20:35:33] MSE: 38482.258602558286
[2024-12-08 20:35:33] R-squared: 0.9945011480880391
[2024-12-08 20:35:33] Total Time: 4.233724117279053 seconds
[>>>>>>>>>>>>>>>>>>>>>>  RUN 1  <<<<<<<<<<<<<<<<<<<<<<<]
[2024-12-08 20:35:33] Population Size: 100
[2024-12-08 20:35:33] Number of generations: 50
[2024-12-08 20:35:33] Number of workers: 4
[2024-12-08 20:35:33] Best Solution: [ 7.39258406e+03 -3.43252004e-01  3.43870853e+00  3.16687775e+00
  1.40851821e+00  4.26446035e+00]
[2024-12-08 20:35:33] Best Fitness: -380.28418789154324
[2024-12-08 20:35:33] RMSE: 119.50201310618628
[2024-12-08 20:35:33] MAE: 51.68880653393359
[2024-12-08 20:35:33] MSE: 14280.731136431117
[2024-12-08 20:35:33] R-squared: 0.9979593810611589
[2024-12-08 20:35:33] Total Time: 13.131385564804077 seconds
[>>>>>>>>>>>>>>>>>>>>>>  RUN 2  <<<<<<<<<<<<<<<<<<<<<<<]
[2024-12-08 20:35:33] Population Size: 200
[2024-12-08 20:35:33] Number of generations: 150
[2024-12-08 20:35:33] Number of workers: 4
[2024-12-08 20:35:33] Best Solution: [ 7.41014511e+03 -1.45888185e-02  3.33490454e+00  6.24726864e+00
  1.72117435e+00  1.61594096e+00]
[2024-12-08 20:35:33] Best Fitness: -304.0138377691686
[2024-12-08 20:35:33] RMSE: 126.67381793522844
[2024-12-08 20:35:33] MAE: 54.563440117935585
[2024-12-08 20:35:33] MSE: 16046.256150287403
[2024-12-08 20:35:33] R-squared: 0.9977070995956054
[2024-12-08 20:35:33] Total Time: 78.20055317878723 seconds
[>>>>>>>>>>>>>>>>>>>>>>  RUN 3  <<<<<<<<<<<<<<<<<<<<<<<]
[2024-12-08 20:35:33] Population Size: 400
[2024-12-08 20:35:33] Number of generations: 200
[2024-12-08 20:35:33] Number of workers: 4
[2024-12-08 20:35:33] Best Solution: [ 7.10326948e+03 -4.25701589e-02  2.86312335e+00  2.84837231e+00
  1.03294127e+00  4.80377860e+00]
[2024-12-08 20:35:33] Best Fitness: -203.73179201575257
[2024-12-08 20:35:33] RMSE: 3.9525757097782552
[2024-12-08 20:35:33] MAE: 3.4230646090943737
[2024-12-08 20:35:33] MSE: 15.622854741529077
[2024-12-08 20:35:33] R-squared: 0.999997767600765
[2024-12-08 20:35:33] Total Time: 205.6510145664215 seconds
[=============================== NEW SESSION ===============================]
[>>>>>>>>>>>>>>>>>>>>>>  RUN 0  <<<<<<<<<<<<<<<<<<<<<<<]
[2024-12-08 20:35:33] Population Size: 50
[2024-12-08 20:35:33] Number of generations: 30
[2024-12-08 20:35:33] Number of workers: 4
[2024-12-08 20:35:33] Best Solution: [ 7.90708938e+03 -2.16445696e-01  2.96687975e+00  4.35079641e-01
  2.39985507e+00  7.81407178e-01]
[2024-12-08 20:35:33] Best Fitness: -680.9005383409942
[2024-12-08 20:35:33] RMSE: 329.50228550924766
[2024-12-08 20:35:33] MAE: 136.13888911758787
[2024-12-08 20:35:33] MSE: 108571.75615581775
[2024-12-08 20:35:33] R-squared: 0.9844858376144617
[2024-12-08 20:35:33] Total Time: 4.223223447799683 seconds
[>>>>>>>>>>>>>>>>>>>>>>  RUN 1  <<<<<<<<<<<<<<<<<<<<<<<]
[2024-12-08 20:35:33] Population Size: 100
[2024-12-08 20:35:33] Number of generations: 50
[2024-12-08 20:35:33] Number of workers: 4
[2024-12-08 20:35:33] Best Solution: [7.91997103e+03 7.01364099e-02 3.09409418e+00 3.44057932e+00
 2.20834040e+00 4.03995629e+00]
[2024-12-08 20:35:33] Best Fitness: -327.42036621846154
[2024-12-08 20:35:33] RMSE: 334.76845522127513
[2024-12-08 20:35:33] MAE: 139.33519765288534
[2024-12-08 20:35:33] MSE: 112069.91861123889
[2024-12-08 20:35:33] R-squared: 0.983985974092806
[2024-12-08 20:35:33] Total Time: 13.131689071655273 seconds
[>>>>>>>>>>>>>>>>>>>>>>  RUN 2  <<<<<<<<<<<<<<<<<<<<<<<]
[2024-12-08 20:35:33] Population Size: 200
[2024-12-08 20:35:33] Number of generations: 150
[2024-12-08 20:35:33] Number of workers: 4
[2024-12-08 20:35:33] Best Solution: [7.39665114e+03 9.07118538e-02 2.76352494e+00 2.85863489e+00
 7.47034579e-01 4.37596254e+00]
[2024-12-08 20:35:33] Best Fitness: -262.8923867310551
[2024-12-08 20:35:33] RMSE: 121.16407857174961
[2024-12-08 20:35:33] MAE: 52.25925293384777
[2024-12-08 20:35:33] MSE: 14680.733936141112
[2024-12-08 20:35:33] R-squared: 0.997902223393188
[2024-12-08 20:35:33] Total Time: 78.12105298042297 seconds
[>>>>>>>>>>>>>>>>>>>>>>  RUN 3  <<<<<<<<<<<<<<<<<<<<<<<]
[2024-12-08 20:35:33] Population Size: 400
[2024-12-08 20:35:33] Number of generations: 200
[2024-12-08 20:35:33] Number of workers: 4
[2024-12-08 20:35:33] Best Solution: [7.46449556e+03 2.42316344e-01 3.53553124e-02 6.40647492e-01
 4.26571615e+00 4.01507206e+00]
[2024-12-08 20:35:33] Best Fitness: -230.2050907601776
[2024-12-08 20:35:33] RMSE: 148.8204527190156
[2024-12-08 20:35:33] MAE: 62.10941994557252
[2024-12-08 20:35:33] MSE: 22147.527147492758
[2024-12-08 20:35:33] R-squared: 0.9968352696431363
[2024-12-08 20:35:33] Total Time: 205.763365983963 seconds
[=============================== NEW SESSION ===============================]
[>>>>>>>>>>>>>>>>>>>>>>  RUN 0  <<<<<<<<<<<<<<<<<<<<<<<]
[2024-12-08 20:35:36] Population Size: 50
[2024-12-08 20:35:36] Number of generations: 30
[2024-12-08 20:35:36] Number of workers: 4
[2024-12-08 20:35:36] Best Solution: [7.78983133e+03 2.33197222e-01 2.96743862e+00 5.61639329e+00
 2.77838686e+00 5.33928437e+00]
[2024-12-08 20:35:36] Best Fitness: -1288.351297233157
[2024-12-08 20:35:36] RMSE: 281.64969967765984
[2024-12-08 20:35:36] MAE: 118.0988767297324
[2024-12-08 20:35:36] MSE: 79326.55332851598
[2024-12-08 20:35:36] R-squared: 0.9886647773472741
[2024-12-08 20:35:36] Total Time: 4.276961088180542 seconds
[>>>>>>>>>>>>>>>>>>>>>>  RUN 1  <<<<<<<<<<<<<<<<<<<<<<<]
[2024-12-08 20:35:36] Population Size: 100
[2024-12-08 20:35:36] Number of generations: 50
[2024-12-08 20:35:36] Number of workers: 4
[2024-12-08 20:35:36] Best Solution: [ 7.97535501e+03  7.55502686e-02 -3.56981524e-01  3.02235577e+00
  4.86591108e+00  1.30698844e+00]
[2024-12-08 20:35:36] Best Fitness: -906.6302536592933
[2024-12-08 20:35:36] RMSE: 357.36658671977136
[2024-12-08 20:35:36] MAE: 147.1706457194197
[2024-12-08 20:35:36] MSE: 127710.87730373985
[2024-12-08 20:35:36] R-squared: 0.9817509879268578
[2024-12-08 20:35:36] Total Time: 13.205004692077637 seconds
[>>>>>>>>>>>>>>>>>>>>>>  RUN 2  <<<<<<<<<<<<<<<<<<<<<<<]
[2024-12-08 20:35:36] Population Size: 200
[2024-12-08 20:35:36] Number of generations: 150
[2024-12-08 20:35:36] Number of workers: 4
[2024-12-08 20:35:36] Best Solution: [ 7.35013330e+03 -4.02767928e-02  2.91807907e+00  2.82930132e+00
  4.69160950e+00  1.00429797e+00]
[2024-12-08 20:35:36] Best Fitness: -332.53609695717336
[2024-12-08 20:35:36] RMSE: 102.1376413764923
[2024-12-08 20:35:36] MAE: 43.3296082430191
[2024-12-08 20:35:36] MSE: 10432.097785952952
[2024-12-08 20:35:36] R-squared: 0.9985093244799245
[2024-12-08 20:35:36] Total Time: 78.56116437911987 seconds
[>>>>>>>>>>>>>>>>>>>>>>  RUN 3  <<<<<<<<<<<<<<<<<<<<<<<]
[2024-12-08 20:35:36] Population Size: 400
[2024-12-08 20:35:36] Number of generations: 200
[2024-12-08 20:35:36] Number of workers: 4
[2024-12-08 20:35:36] Best Solution: [7.41558882e+03 5.41658579e-02 4.54926023e+00 6.81840540e+00
 1.39431670e+00 8.84563172e-01]
[2024-12-08 20:35:36] Best Fitness: -300.44374990659367
[2024-12-08 20:35:36] RMSE: 128.9074785420979
[2024-12-08 20:35:36] MAE: 55.68942818788566
[2024-12-08 20:35:36] MSE: 16617.13802408143
[2024-12-08 20:35:36] R-squared: 0.9976255244750899
[2024-12-08 20:35:36] Total Time: 207.5237889289856 seconds
[=============================== NEW SESSION ===============================]
[>>>>>>>>>>>>>>>>>>>>>>  RUN 0  <<<<<<<<<<<<<<<<<<<<<<<]
[2024-12-08 20:35:36] Population Size: 50
[2024-12-08 20:35:36] Number of generations: 30
[2024-12-08 20:35:36] Number of workers: 4
[2024-12-08 20:35:36] Best Solution: [7.95857736e+03 2.29759256e-01 2.49541342e-01 2.90135722e+00
 5.16602163e+00 6.51332754e-01]
[2024-12-08 20:35:36] Best Fitness: -760.9663369420076
[2024-12-08 20:35:36] RMSE: 350.51633152239697
[2024-12-08 20:35:36] MAE: 144.1378884109121
[2024-12-08 20:35:36] MSE: 122861.6986639189
[2024-12-08 20:35:36] R-squared: 0.9824439024335246
[2024-12-08 20:35:36] Total Time: 4.2583229541778564 seconds
[>>>>>>>>>>>>>>>>>>>>>>  RUN 1  <<<<<<<<<<<<<<<<<<<<<<<]
[2024-12-08 20:35:36] Population Size: 100
[2024-12-08 20:35:36] Number of generations: 50
[2024-12-08 20:35:36] Number of workers: 4
[2024-12-08 20:35:36] Best Solution: [7.67044203e+03 8.95311752e-02 5.35857600e-04 2.33016007e+00
 4.72138944e+00 1.54393426e+00]
[2024-12-08 20:35:36] Best Fitness: -1037.9719726883882
[2024-12-08 20:35:36] RMSE: 232.88789351633284
[2024-12-08 20:35:36] MAE: 96.23811121650385
[2024-12-08 20:35:36] MSE: 54236.77094647478
[2024-12-08 20:35:36] R-squared: 0.9922499358809003
[2024-12-08 20:35:36] Total Time: 13.25137448310852 seconds
[>>>>>>>>>>>>>>>>>>>>>>  RUN 2  <<<<<<<<<<<<<<<<<<<<<<<]
[2024-12-08 20:35:36] Population Size: 200
[2024-12-08 20:35:36] Number of generations: 150
[2024-12-08 20:35:36] Number of workers: 4
[2024-12-08 20:35:36] Best Solution: [ 7.36041377e+03  6.19101754e-02 -1.60819506e-01  2.68018925e+00
  4.56284968e+00  1.23047465e+00]
[2024-12-08 20:35:36] Best Fitness: -227.7488791457936
[2024-12-08 20:35:36] RMSE: 106.32791453412878
[2024-12-08 20:35:36] MAE: 44.63074831099657
[2024-12-08 20:35:36] MSE: 11305.625409176993
[2024-12-08 20:35:36] R-squared: 0.9983845033489528
[2024-12-08 20:35:36] Total Time: 78.95332098007202 seconds
[>>>>>>>>>>>>>>>>>>>>>>  RUN 3  <<<<<<<<<<<<<<<<<<<<<<<]
[2024-12-08 20:35:36] Population Size: 400
[2024-12-08 20:35:36] Number of generations: 200
[2024-12-08 20:35:36] Number of workers: 4
[2024-12-08 20:35:36] Best Solution: [ 7.61622915e+03 -5.22329877e-05  3.16548333e+00  3.68234926e+00
  2.34612367e+00  4.37565784e+00]
[2024-12-08 20:35:36] Best Fitness: -315.05158555719316
[2024-12-08 20:35:36] RMSE: 210.77754176404056
[2024-12-08 20:35:36] MAE: 88.80842798849521
[2024-12-08 20:35:36] MSE: 44427.17211209186
[2024-12-08 20:35:36] R-squared: 0.993651660552602
[2024-12-08 20:35:36] Total Time: 207.48300790786743 seconds
